WARNING: A terminally deprecated method in sun.misc.Unsafe has been called
WARNING: sun.misc.Unsafe::objectFieldOffset has been called by com.google.common.util.concurrent.AbstractFuture$UnsafeAtomicHelper (file:/usr/share/maven/lib/guava.jar)
WARNING: Please consider reporting this to the maintainers of class com.google.common.util.concurrent.AbstractFuture$UnsafeAtomicHelper
WARNING: sun.misc.Unsafe::objectFieldOffset will be removed in a future release
[[1;34mINFO[m] Scanning for projects...
[[1;34mINFO[m] 
[[1;34mINFO[m] [1m----------------------< [0;36mcom.fortune:api-gateway[0;1m >-----------------------[m
[[1;34mINFO[m] [1mBuilding api-gateway 1.0-SNAPSHOT[m
[[1;34mINFO[m] [1m--------------------------------[ jar ]---------------------------------[m
[[1;34mINFO[m] 
[[1;34mINFO[m] [1m>>> [0;32mspring-boot-maven-plugin:3.5.3:run[m [1m(default-cli)[0;1m > [0;1mtest-compile[m @ [36mapi-gateway[0;1m >>>[m
[[1;34mINFO[m] 
[[1;34mINFO[m] [1m--- [0;32mmaven-resources-plugin:2.6:resources[m [1m(default-resources)[m @ [36mapi-gateway[0;1m ---[m
[[1;34mINFO[m] Using 'UTF-8' encoding to copy filtered resources.
[[1;34mINFO[m] Copying 2 resources
[[1;34mINFO[m] 
[[1;34mINFO[m] [1m--- [0;32mmaven-compiler-plugin:3.1:compile[m [1m(default-compile)[m @ [36mapi-gateway[0;1m ---[m
[[1;34mINFO[m] Nothing to compile - all classes are up to date
[[1;34mINFO[m] 
[[1;34mINFO[m] [1m--- [0;32mmaven-resources-plugin:2.6:testResources[m [1m(default-testResources)[m @ [36mapi-gateway[0;1m ---[m
[[1;34mINFO[m] Using 'UTF-8' encoding to copy filtered resources.
[[1;34mINFO[m] skip non existing resourceDirectory /home/fortune/Documents/projects/ecommerce/api-gateway/src/test/resources
[[1;34mINFO[m] 
[[1;34mINFO[m] [1m--- [0;32mmaven-compiler-plugin:3.1:testCompile[m [1m(default-testCompile)[m @ [36mapi-gateway[0;1m ---[m
[[1;34mINFO[m] Nothing to compile - all classes are up to date
[[1;34mINFO[m] 
[[1;34mINFO[m] [1m<<< [0;32mspring-boot-maven-plugin:3.5.3:run[m [1m(default-cli)[0;1m < [0;1mtest-compile[m @ [36mapi-gateway[0;1m <<<[m
[[1;34mINFO[m] 
[[1;34mINFO[m] 
[[1;34mINFO[m] [1m--- [0;32mspring-boot-maven-plugin:3.5.3:run[m [1m(default-cli)[m @ [36mapi-gateway[0;1m ---[m
[[1;34mINFO[m] Attaching agents: []
 █████╗ ██████╗ ██╗
██╔══██╗██╔══██╗██║
███████║██████╔╝██║
██╔══██║██╔═══╝ ██║
██║  ██║██║     ██║
╚═╝  ╚═╝╚═╝     ╚═╝

 ██████╗  █████╗ ████████╗███████╗██╗    ██╗██╗    ██╗ █████╗ ██╗   ██╗
██╔════╝ ██╔══██╗╚══██╔══╝██╔════╝██║    ██║██║    ██║██╔══██╗╚██╗ ██╔╝
██║  ███╗███████║   ██║   █████╗  ██║ █╗ ██║██║ █╗ ██║███████║ ╚████╔╝
██║   ██║██╔══██║   ██║   ██╔══╝  ██║███╗██║██║███╗██║██╔══██║  ╚██╔╝
╚██████╔╝██║  ██║   ██║   ███████╗╚███╔███╔╝╚███╔███╔╝██║  ██║   ██║
 ╚═════╝ ╚═╝  ╚═╝   ╚═╝   ╚══════╝ ╚══╝╚══╝  ╚══╝╚══╝ ╚═╝  ╚═╝   ╚═╝

2026-01-30T16:16:39.731+01:00  INFO 24134 --- [api-gateway-service] [           main] [                                                 ] c.fortune.gateway.ApiGatewayApplication  : Starting ApiGatewayApplication using Java 25.0.2 with PID 24134 (/home/fortune/Documents/projects/ecommerce/api-gateway/target/classes started by fortune in /home/fortune/Documents/projects/ecommerce/api-gateway)
2026-01-30T16:16:39.734+01:00  INFO 24134 --- [api-gateway-service] [           main] [                                                 ] c.fortune.gateway.ApiGatewayApplication  : No active profile set, falling back to 1 default profile: "default"
2026-01-30T16:16:40.729+01:00  INFO 24134 --- [api-gateway-service] [           main] [                                                 ] o.s.cloud.context.scope.GenericScope     : BeanFactory id=57ecac81-9939-302e-9619-05ceba4ae08f
WARNING: A terminally deprecated method in sun.misc.Unsafe has been called
WARNING: sun.misc.Unsafe::allocateMemory has been called by io.netty.util.internal.PlatformDependent0$2 (file:/home/fortune/.m2/repository/io/netty/netty-common/4.1.122.Final/netty-common-4.1.122.Final.jar)
WARNING: Please consider reporting this to the maintainers of class io.netty.util.internal.PlatformDependent0$2
WARNING: sun.misc.Unsafe::allocateMemory will be removed in a future release
2026-01-30T16:16:41.765+01:00  INFO 24134 --- [api-gateway-service] [           main] [                                                 ] o.s.c.g.r.RouteDefinitionRouteLocator    : Loaded RoutePredicateFactory [After]
2026-01-30T16:16:41.766+01:00  INFO 24134 --- [api-gateway-service] [           main] [                                                 ] o.s.c.g.r.RouteDefinitionRouteLocator    : Loaded RoutePredicateFactory [Before]
2026-01-30T16:16:41.766+01:00  INFO 24134 --- [api-gateway-service] [           main] [                                                 ] o.s.c.g.r.RouteDefinitionRouteLocator    : Loaded RoutePredicateFactory [Between]
2026-01-30T16:16:41.766+01:00  INFO 24134 --- [api-gateway-service] [           main] [                                                 ] o.s.c.g.r.RouteDefinitionRouteLocator    : Loaded RoutePredicateFactory [Cookie]
2026-01-30T16:16:41.766+01:00  INFO 24134 --- [api-gateway-service] [           main] [                                                 ] o.s.c.g.r.RouteDefinitionRouteLocator    : Loaded RoutePredicateFactory [Header]
2026-01-30T16:16:41.766+01:00  INFO 24134 --- [api-gateway-service] [           main] [                                                 ] o.s.c.g.r.RouteDefinitionRouteLocator    : Loaded RoutePredicateFactory [Host]
2026-01-30T16:16:41.767+01:00  INFO 24134 --- [api-gateway-service] [           main] [                                                 ] o.s.c.g.r.RouteDefinitionRouteLocator    : Loaded RoutePredicateFactory [Method]
2026-01-30T16:16:41.767+01:00  INFO 24134 --- [api-gateway-service] [           main] [                                                 ] o.s.c.g.r.RouteDefinitionRouteLocator    : Loaded RoutePredicateFactory [Path]
2026-01-30T16:16:41.768+01:00  INFO 24134 --- [api-gateway-service] [           main] [                                                 ] o.s.c.g.r.RouteDefinitionRouteLocator    : Loaded RoutePredicateFactory [Query]
2026-01-30T16:16:41.768+01:00  INFO 24134 --- [api-gateway-service] [           main] [                                                 ] o.s.c.g.r.RouteDefinitionRouteLocator    : Loaded RoutePredicateFactory [ReadBody]
2026-01-30T16:16:41.768+01:00  INFO 24134 --- [api-gateway-service] [           main] [                                                 ] o.s.c.g.r.RouteDefinitionRouteLocator    : Loaded RoutePredicateFactory [RemoteAddr]
2026-01-30T16:16:41.768+01:00  INFO 24134 --- [api-gateway-service] [           main] [                                                 ] o.s.c.g.r.RouteDefinitionRouteLocator    : Loaded RoutePredicateFactory [XForwardedRemoteAddr]
2026-01-30T16:16:41.768+01:00  INFO 24134 --- [api-gateway-service] [           main] [                                                 ] o.s.c.g.r.RouteDefinitionRouteLocator    : Loaded RoutePredicateFactory [Weight]
2026-01-30T16:16:41.768+01:00  INFO 24134 --- [api-gateway-service] [           main] [                                                 ] o.s.c.g.r.RouteDefinitionRouteLocator    : Loaded RoutePredicateFactory [CloudFoundryRouteService]
2026-01-30T16:16:42.725+01:00  INFO 24134 --- [api-gateway-service] [           main] [                                                 ] o.s.b.a.e.web.EndpointLinksResolver      : Exposing 16 endpoints beneath base path '/actuator'
2026-01-30T16:16:43.335+01:00  INFO 24134 --- [api-gateway-service] [           main] [                                                 ] DiscoveryClientOptionalArgsConfiguration : Eureka HTTP Client uses RestTemplate.
2026-01-30T16:16:43.365+01:00  WARN 24134 --- [api-gateway-service] [           main] [                                                 ] iguration$LoadBalancerCaffeineWarnLogger : Spring Cloud LoadBalancer is currently working with the default cache. While this cache implementation is useful for development and tests, it's recommended to use Caffeine cache in production.You can switch to using Caffeine cache, by adding it and org.springframework.cache.caffeine.CaffeineCacheManager to the classpath.
2026-01-30T16:16:43.434+01:00  INFO 24134 --- [api-gateway-service] [           main] [                                                 ] o.s.c.n.eureka.InstanceInfoFactory       : Setting initial instance status as: STARTING
2026-01-30T16:16:43.461+01:00  INFO 24134 --- [api-gateway-service] [           main] [                                                 ] com.netflix.discovery.DiscoveryClient    : Initializing Eureka in region us-east-1
2026-01-30T16:16:43.465+01:00  INFO 24134 --- [api-gateway-service] [           main] [                                                 ] c.n.d.s.r.aws.ConfigClusterResolver      : Resolving eureka endpoints via configuration
2026-01-30T16:16:43.475+01:00  INFO 24134 --- [api-gateway-service] [           main] [                                                 ] com.netflix.discovery.DiscoveryClient    : Disable delta property : false
2026-01-30T16:16:43.475+01:00  INFO 24134 --- [api-gateway-service] [           main] [                                                 ] com.netflix.discovery.DiscoveryClient    : Single vip registry refresh property : null
2026-01-30T16:16:43.475+01:00  INFO 24134 --- [api-gateway-service] [           main] [                                                 ] com.netflix.discovery.DiscoveryClient    : Force full registry fetch : false
2026-01-30T16:16:43.475+01:00  INFO 24134 --- [api-gateway-service] [           main] [                                                 ] com.netflix.discovery.DiscoveryClient    : Application is null : false
2026-01-30T16:16:43.476+01:00  INFO 24134 --- [api-gateway-service] [           main] [                                                 ] com.netflix.discovery.DiscoveryClient    : Registered Applications size is zero : true
2026-01-30T16:16:43.476+01:00  INFO 24134 --- [api-gateway-service] [           main] [                                                 ] com.netflix.discovery.DiscoveryClient    : Application version is -1: true
2026-01-30T16:16:43.476+01:00  INFO 24134 --- [api-gateway-service] [           main] [                                                 ] com.netflix.discovery.DiscoveryClient    : Getting all instance registry info from the eureka server
2026-01-30T16:16:43.809+01:00  INFO 24134 --- [api-gateway-service] [           main] [                                                 ] com.netflix.discovery.DiscoveryClient    : The response status is 200
2026-01-30T16:16:43.810+01:00  INFO 24134 --- [api-gateway-service] [           main] [                                                 ] com.netflix.discovery.DiscoveryClient    : Starting heartbeat executor: renew interval is: 30
2026-01-30T16:16:43.831+01:00  INFO 24134 --- [api-gateway-service] [           main] [                                                 ] c.n.discovery.InstanceInfoReplicator     : InstanceInfoReplicator onDemand update allowed rate per min is 4
2026-01-30T16:16:43.833+01:00  INFO 24134 --- [api-gateway-service] [           main] [                                                 ] com.netflix.discovery.DiscoveryClient    : Discovery Client initialized at timestamp 1769786203832 with initial instances count: 1
2026-01-30T16:16:43.837+01:00  INFO 24134 --- [api-gateway-service] [           main] [                                                 ] o.s.c.n.e.s.EurekaServiceRegistry        : Registering application API-GATEWAY-SERVICE with eureka with status UP
2026-01-30T16:16:43.838+01:00  INFO 24134 --- [api-gateway-service] [           main] [                                                 ] com.netflix.discovery.DiscoveryClient    : Saw local status change event StatusChangeEvent [timestamp=1769786203838, current=UP, previous=STARTING]
2026-01-30T16:16:43.839+01:00  INFO 24134 --- [api-gateway-service] [foReplicator-%d] [                                                 ] com.netflix.discovery.DiscoveryClient    : DiscoveryClient_API-GATEWAY-SERVICE/10.156.63.176:api-gateway-service:8081: registering service...
2026-01-30T16:16:43.879+01:00  INFO 24134 --- [api-gateway-service] [foReplicator-%d] [                                                 ] com.netflix.discovery.DiscoveryClient    : DiscoveryClient_API-GATEWAY-SERVICE/10.156.63.176:api-gateway-service:8081 - registration status: 204
WARNING: A restricted method in java.lang.System has been called
WARNING: java.lang.System::loadLibrary has been called by io.netty.util.internal.NativeLibraryUtil in an unnamed module (file:/home/fortune/.m2/repository/io/netty/netty-common/4.1.122.Final/netty-common-4.1.122.Final.jar)
WARNING: Use --enable-native-access=ALL-UNNAMED to avoid a warning for callers in this module
WARNING: Restricted methods will be blocked in a future release unless native access is enabled

2026-01-30T16:16:43.968+01:00  INFO 24134 --- [api-gateway-service] [           main] [                                                 ] o.s.b.web.embedded.netty.NettyWebServer  : Netty started on port 8081 (http)
2026-01-30T16:16:43.969+01:00  INFO 24134 --- [api-gateway-service] [           main] [                                                 ] .s.c.n.e.s.EurekaAutoServiceRegistration : Updating port to 8081
2026-01-30T16:16:44.445+01:00  INFO 24134 --- [api-gateway-service] [           main] [                                                 ] c.fortune.gateway.ApiGatewayApplication  : Started ApiGatewayApplication in 5.55 seconds (process running for 5.954)
2026-01-30T16:19:45.859+01:00  WARN 24134 --- [api-gateway-service] [or-http-epoll-4] [                                                 ] o.s.c.l.core.RoundRobinLoadBalancer      : No servers available for service: ORDER-SERVICE
2026-01-30T16:19:45.858+01:00  WARN 24134 --- [api-gateway-service] [or-http-epoll-5] [                                                 ] o.s.c.l.core.RoundRobinLoadBalancer      : No servers available for service: ORDER-SERVICE
2026-01-30T16:19:53.144+01:00  WARN 24134 --- [api-gateway-service] [or-http-epoll-7] [                                                 ] o.s.c.l.core.RoundRobinLoadBalancer      : No servers available for service: ORDER-SERVICE
2026-01-30T16:19:53.153+01:00  WARN 24134 --- [api-gateway-service] [or-http-epoll-6] [                                                 ] o.s.c.l.core.RoundRobinLoadBalancer      : No servers available for service: ORDER-SERVICE
2026-01-30T16:21:43.478+01:00  INFO 24134 --- [api-gateway-service] [rap-executor-%d] [                                                 ] c.n.d.s.r.aws.ConfigClusterResolver      : Resolving eureka endpoints via configuration
2026-01-30T16:26:43.480+01:00  INFO 24134 --- [api-gateway-service] [rap-executor-%d] [                                                 ] c.n.d.s.r.aws.ConfigClusterResolver      : Resolving eureka endpoints via configuration
2026-01-30T16:31:43.486+01:00  INFO 24134 --- [api-gateway-service] [rap-executor-%d] [                                                 ] c.n.d.s.r.aws.ConfigClusterResolver      : Resolving eureka endpoints via configuration
2026-01-30T16:36:43.488+01:00  INFO 24134 --- [api-gateway-service] [rap-executor-%d] [                                                 ] c.n.d.s.r.aws.ConfigClusterResolver      : Resolving eureka endpoints via configuration
2026-01-30T16:41:43.489+01:00  INFO 24134 --- [api-gateway-service] [rap-executor-%d] [                                                 ] c.n.d.s.r.aws.ConfigClusterResolver      : Resolving eureka endpoints via configuration
2026-01-30T16:46:43.490+01:00  INFO 24134 --- [api-gateway-service] [rap-executor-%d] [                                                 ] c.n.d.s.r.aws.ConfigClusterResolver      : Resolving eureka endpoints via configuration
2026-01-30T16:51:43.492+01:00  INFO 24134 --- [api-gateway-service] [rap-executor-%d] [                                                 ] c.n.d.s.r.aws.ConfigClusterResolver      : Resolving eureka endpoints via configuration
2026-01-30T16:56:43.493+01:00  INFO 24134 --- [api-gateway-service] [rap-executor-%d] [                                                 ] c.n.d.s.r.aws.ConfigClusterResolver      : Resolving eureka endpoints via configuration
2026-01-30T17:01:43.494+01:00  INFO 24134 --- [api-gateway-service] [rap-executor-%d] [                                                 ] c.n.d.s.r.aws.ConfigClusterResolver      : Resolving eureka endpoints via configuration
2026-01-30T17:06:43.495+01:00  INFO 24134 --- [api-gateway-service] [rap-executor-%d] [                                                 ] c.n.d.s.r.aws.ConfigClusterResolver      : Resolving eureka endpoints via configuration
2026-01-30T17:11:43.496+01:00  INFO 24134 --- [api-gateway-service] [rap-executor-%d] [                                                 ] c.n.d.s.r.aws.ConfigClusterResolver      : Resolving eureka endpoints via configuration
2026-01-30T17:16:43.497+01:00  INFO 24134 --- [api-gateway-service] [rap-executor-%d] [                                                 ] c.n.d.s.r.aws.ConfigClusterResolver      : Resolving eureka endpoints via configuration
2026-01-30T17:21:43.498+01:00  INFO 24134 --- [api-gateway-service] [rap-executor-%d] [                                                 ] c.n.d.s.r.aws.ConfigClusterResolver      : Resolving eureka endpoints via configuration
2026-01-30T17:26:43.499+01:00  INFO 24134 --- [api-gateway-service] [rap-executor-%d] [                                                 ] c.n.d.s.r.aws.ConfigClusterResolver      : Resolving eureka endpoints via configuration
2026-01-30T17:31:43.501+01:00  INFO 24134 --- [api-gateway-service] [rap-executor-%d] [                                                 ] c.n.d.s.r.aws.ConfigClusterResolver      : Resolving eureka endpoints via configuration
2026-01-30T17:36:43.502+01:00  INFO 24134 --- [api-gateway-service] [rap-executor-%d] [                                                 ] c.n.d.s.r.aws.ConfigClusterResolver      : Resolving eureka endpoints via configuration
2026-01-30T17:41:43.503+01:00  INFO 24134 --- [api-gateway-service] [rap-executor-%d] [                                                 ] c.n.d.s.r.aws.ConfigClusterResolver      : Resolving eureka endpoints via configuration
2026-01-30T17:46:43.504+01:00  INFO 24134 --- [api-gateway-service] [rap-executor-%d] [                                                 ] c.n.d.s.r.aws.ConfigClusterResolver      : Resolving eureka endpoints via configuration
2026-01-30T17:51:43.505+01:00  INFO 24134 --- [api-gateway-service] [rap-executor-%d] [                                                 ] c.n.d.s.r.aws.ConfigClusterResolver      : Resolving eureka endpoints via configuration
2026-01-30T17:56:43.506+01:00  INFO 24134 --- [api-gateway-service] [rap-executor-%d] [                                                 ] c.n.d.s.r.aws.ConfigClusterResolver      : Resolving eureka endpoints via configuration
2026-01-30T18:01:43.508+01:00  INFO 24134 --- [api-gateway-service] [rap-executor-%d] [                                                 ] c.n.d.s.r.aws.ConfigClusterResolver      : Resolving eureka endpoints via configuration
2026-01-30T18:06:43.509+01:00  INFO 24134 --- [api-gateway-service] [rap-executor-%d] [                                                 ] c.n.d.s.r.aws.ConfigClusterResolver      : Resolving eureka endpoints via configuration
2026-01-30T18:11:43.510+01:00  INFO 24134 --- [api-gateway-service] [rap-executor-%d] [                                                 ] c.n.d.s.r.aws.ConfigClusterResolver      : Resolving eureka endpoints via configuration
2026-01-30T18:16:43.511+01:00  INFO 24134 --- [api-gateway-service] [rap-executor-%d] [                                                 ] c.n.d.s.r.aws.ConfigClusterResolver      : Resolving eureka endpoints via configuration
2026-01-30T18:21:43.512+01:00  INFO 24134 --- [api-gateway-service] [rap-executor-%d] [                                                 ] c.n.d.s.r.aws.ConfigClusterResolver      : Resolving eureka endpoints via configuration
2026-01-30T18:26:43.513+01:00  INFO 24134 --- [api-gateway-service] [rap-executor-%d] [                                                 ] c.n.d.s.r.aws.ConfigClusterResolver      : Resolving eureka endpoints via configuration
2026-01-30T18:31:43.522+01:00  INFO 24134 --- [api-gateway-service] [rap-executor-%d] [                                                 ] c.n.d.s.r.aws.ConfigClusterResolver      : Resolving eureka endpoints via configuration
2026-01-30T18:36:43.523+01:00  INFO 24134 --- [api-gateway-service] [rap-executor-%d] [                                                 ] c.n.d.s.r.aws.ConfigClusterResolver      : Resolving eureka endpoints via configuration
2026-01-30T18:41:43.524+01:00  INFO 24134 --- [api-gateway-service] [rap-executor-%d] [                                                 ] c.n.d.s.r.aws.ConfigClusterResolver      : Resolving eureka endpoints via configuration
2026-01-30T18:46:43.530+01:00  INFO 24134 --- [api-gateway-service] [rap-executor-%d] [                                                 ] c.n.d.s.r.aws.ConfigClusterResolver      : Resolving eureka endpoints via configuration
2026-01-30T18:51:43.535+01:00  INFO 24134 --- [api-gateway-service] [rap-executor-%d] [                                                 ] c.n.d.s.r.aws.ConfigClusterResolver      : Resolving eureka endpoints via configuration
