WARNING: A terminally deprecated method in sun.misc.Unsafe has been called
WARNING: sun.misc.Unsafe::objectFieldOffset has been called by com.google.common.util.concurrent.AbstractFuture$UnsafeAtomicHelper (file:/usr/share/maven/lib/guava.jar)
WARNING: Please consider reporting this to the maintainers of class com.google.common.util.concurrent.AbstractFuture$UnsafeAtomicHelper
WARNING: sun.misc.Unsafe::objectFieldOffset will be removed in a future release
[[1;34mINFO[m] Scanning for projects...
[[1;33mWARNING[m] 
[[1;33mWARNING[m] Some problems were encountered while building the effective model for com.fortune:auth-service:jar:1.0-SNAPSHOT
[[1;33mWARNING[m] 'build.plugins.plugin.version' for org.apache.maven.plugins:maven-compiler-plugin is missing. @ line 79, column 21
[[1;33mWARNING[m] 
[[1;33mWARNING[m] It is highly recommended to fix these problems because they threaten the stability of your build.
[[1;33mWARNING[m] 
[[1;33mWARNING[m] For this reason, future Maven versions might no longer support building such malformed projects.
[[1;33mWARNING[m] 
[[1;34mINFO[m] 
[[1;34mINFO[m] [1m----------------------< [0;36mcom.fortune:auth-service[0;1m >----------------------[m
[[1;34mINFO[m] [1mBuilding auth-service 1.0-SNAPSHOT[m
[[1;34mINFO[m] [1m--------------------------------[ jar ]---------------------------------[m
[[1;34mINFO[m] 
[[1;34mINFO[m] [1m>>> [0;32mspring-boot-maven-plugin:3.5.3:run[m [1m(default-cli)[0;1m > [0;1mtest-compile[m @ [36mauth-service[0;1m >>>[m
[[1;34mINFO[m] 
[[1;34mINFO[m] [1m--- [0;32mmaven-resources-plugin:2.6:resources[m [1m(default-resources)[m @ [36mauth-service[0;1m ---[m
[[1;34mINFO[m] Using 'UTF-8' encoding to copy filtered resources.
[[1;34mINFO[m] Copying 5 resources
[[1;34mINFO[m] 
[[1;34mINFO[m] [1m--- [0;32mmaven-compiler-plugin:3.1:compile[m [1m(default-compile)[m @ [36mauth-service[0;1m ---[m
[[1;34mINFO[m] Nothing to compile - all classes are up to date
[[1;34mINFO[m] 
[[1;34mINFO[m] [1m--- [0;32mmaven-resources-plugin:2.6:testResources[m [1m(default-testResources)[m @ [36mauth-service[0;1m ---[m
[[1;34mINFO[m] Using 'UTF-8' encoding to copy filtered resources.
[[1;34mINFO[m] skip non existing resourceDirectory /home/fortune/Documents/projects/ecommerce/auth-service/src/test/resources
[[1;34mINFO[m] 
[[1;34mINFO[m] [1m--- [0;32mmaven-compiler-plugin:3.1:testCompile[m [1m(default-testCompile)[m @ [36mauth-service[0;1m ---[m
[[1;34mINFO[m] Nothing to compile - all classes are up to date
[[1;34mINFO[m] 
[[1;34mINFO[m] [1m<<< [0;32mspring-boot-maven-plugin:3.5.3:run[m [1m(default-cli)[0;1m < [0;1mtest-compile[m @ [36mauth-service[0;1m <<<[m
[[1;34mINFO[m] 
[[1;34mINFO[m] 
[[1;34mINFO[m] [1m--- [0;32mspring-boot-maven-plugin:3.5.3:run[m [1m(default-cli)[m @ [36mauth-service[0;1m ---[m
[[1;34mINFO[m] Attaching agents: []
 █████╗ ██╗   ██╗████████╗██╗  ██╗███████╗███╗   ██╗████████╗██╗ ██████╗ █████╗ ████████╗██╗ ██████╗ ███╗   ██╗
██╔══██╗██║   ██║╚══██╔══╝██║  ██║██╔════╝████╗  ██║╚══██╔══╝██║██╔════╝██╔══██╗╚══██╔══╝██║██╔═══██╗████╗  ██║
███████║██║   ██║   ██║   ███████║█████╗  ██╔██╗ ██║   ██║   ██║██║     ███████║   ██║   ██║██║   ██║██╔██╗ ██║
██╔══██║██║   ██║   ██║   ██╔══██║██╔══╝  ██║╚██╗██║   ██║   ██║██║     ██╔══██║   ██║   ██║██║   ██║██║╚██╗██║
██║  ██║╚██████╔╝   ██║   ██║  ██║███████╗██║ ╚████║   ██║   ██║╚██████╗██║  ██║   ██║   ██║╚██████╔╝██║ ╚████║
╚═╝  ╚═╝ ╚═════╝    ╚═╝   ╚═╝  ╚═╝╚══════╝╚═╝  ╚═══╝   ╚═╝   ╚═╝ ╚═════╝╚═╝  ╚═╝   ╚═╝   ╚═╝ ╚═════╝ ╚═╝  ╚═══╝

2026-03-03T20:53:29.214+01:00  INFO 24171 --- [auth-service] [           main] [                                                 ] c.fortune.auth.AuthServiceApplication    : Starting AuthServiceApplication using Java 25.0.2 with PID 24171 (/home/fortune/Documents/projects/ecommerce/auth-service/target/classes started by fortune in /home/fortune/Documents/projects/ecommerce/auth-service)
2026-03-03T20:53:29.218+01:00  INFO 24171 --- [auth-service] [           main] [                                                 ] c.fortune.auth.AuthServiceApplication    : No active profile set, falling back to 1 default profile: "default"
2026-03-03T20:53:30.904+01:00  INFO 24171 --- [auth-service] [           main] [                                                 ] .s.d.r.c.RepositoryConfigurationDelegate : Bootstrapping Spring Data JPA repositories in DEFAULT mode.
2026-03-03T20:53:31.093+01:00  INFO 24171 --- [auth-service] [           main] [                                                 ] .s.d.r.c.RepositoryConfigurationDelegate : Finished Spring Data repository scanning in 179 ms. Found 2 JPA repository interfaces.
2026-03-03T20:53:31.424+01:00  INFO 24171 --- [auth-service] [           main] [                                                 ] o.s.cloud.context.scope.GenericScope     : BeanFactory id=9ff3d139-e33e-3fe0-a035-de1371d8c337
2026-03-03T20:53:32.029+01:00  INFO 24171 --- [auth-service] [           main] [                                                 ] o.s.b.w.embedded.tomcat.TomcatWebServer  : Tomcat initialized with port 8081 (http)
2026-03-03T20:53:32.048+01:00  INFO 24171 --- [auth-service] [           main] [                                                 ] o.apache.catalina.core.StandardService   : Starting service [Tomcat]
2026-03-03T20:53:32.048+01:00  INFO 24171 --- [auth-service] [           main] [                                                 ] o.apache.catalina.core.StandardEngine    : Starting Servlet engine: [Apache Tomcat/10.1.42]
2026-03-03T20:53:32.143+01:00  INFO 24171 --- [auth-service] [           main] [                                                 ] o.a.c.c.C.[Tomcat].[localhost].[/]       : Initializing Spring embedded WebApplicationContext
2026-03-03T20:53:32.145+01:00  INFO 24171 --- [auth-service] [           main] [                                                 ] w.s.c.ServletWebServerApplicationContext : Root WebApplicationContext: initialization completed in 2869 ms
2026-03-03T20:53:32.928+01:00  INFO 24171 --- [auth-service] [           main] [                                                 ] o.hibernate.jpa.internal.util.LogHelper  : HHH000204: Processing PersistenceUnitInfo [name: default]
2026-03-03T20:53:32.981+01:00  INFO 24171 --- [auth-service] [           main] [                                                 ] org.hibernate.Version                    : HHH000412: Hibernate ORM core version 6.6.18.Final
2026-03-03T20:53:33.028+01:00  INFO 24171 --- [auth-service] [           main] [                                                 ] o.h.c.internal.RegionFactoryInitiator    : HHH000026: Second-level cache disabled
2026-03-03T20:53:33.388+01:00  INFO 24171 --- [auth-service] [           main] [                                                 ] o.s.o.j.p.SpringPersistenceUnitInfo      : No LoadTimeWeaver setup: ignoring JPA class transformer
2026-03-03T20:53:33.419+01:00  INFO 24171 --- [auth-service] [           main] [                                                 ] com.zaxxer.hikari.HikariDataSource       : HikariPool-1 - Starting...
2026-03-03T20:53:33.568+01:00  INFO 24171 --- [auth-service] [           main] [                                                 ] com.zaxxer.hikari.pool.HikariPool        : HikariPool-1 - Added connection org.postgresql.jdbc.PgConnection@630febd7
2026-03-03T20:53:33.570+01:00  INFO 24171 --- [auth-service] [           main] [                                                 ] com.zaxxer.hikari.HikariDataSource       : HikariPool-1 - Start completed.
2026-03-03T20:53:33.654+01:00  INFO 24171 --- [auth-service] [           main] [                                                 ] org.hibernate.orm.connections.pooling    : HHH10001005: Database info:
	Database JDBC URL [Connecting through datasource 'HikariDataSource (HikariPool-1)']
	Database driver: undefined/unknown
	Database version: 15.13
	Autocommit mode: undefined/unknown
	Isolation level: undefined/unknown
	Minimum pool size: undefined/unknown
	Maximum pool size: undefined/unknown
2026-03-03T20:53:34.582+01:00  INFO 24171 --- [auth-service] [           main] [                                                 ] o.h.e.t.j.p.i.JtaPlatformInitiator       : HHH000489: No JTA platform available (set 'hibernate.transaction.jta.platform' to enable JTA platform integration)
2026-03-03T20:53:34.832+01:00  INFO 24171 --- [auth-service] [           main] [                                                 ] j.LocalContainerEntityManagerFactoryBean : Initialized JPA EntityManagerFactory for persistence unit 'default'
2026-03-03T20:53:35.747+01:00  WARN 24171 --- [auth-service] [           main] [                                                 ] JpaBaseConfiguration$JpaWebConfiguration : spring.jpa.open-in-view is enabled by default. Therefore, database queries may be performed during view rendering. Explicitly configure spring.jpa.open-in-view to disable this warning
2026-03-03T20:53:36.478+01:00  INFO 24171 --- [auth-service] [           main] [                                                 ] o.s.b.a.e.web.EndpointLinksResolver      : Exposing 16 endpoints beneath base path '/actuator'
2026-03-03T20:53:36.540+01:00 TRACE 24171 --- [auth-service] [           main] [                                                 ] eGlobalAuthenticationAutowiredConfigurer : Eagerly initializing {securityFilter=com.fortune.auth.security.SecurityFilter$$SpringCGLIB$$0@7abeaed0}
2026-03-03T20:53:36.547+01:00  INFO 24171 --- [auth-service] [           main] [                                                 ] r$InitializeUserDetailsManagerConfigurer : Global AuthenticationManager configured with UserDetailsService bean with name customerDetailsService
2026-03-03T20:53:36.704+01:00 DEBUG 24171 --- [auth-service] [           main] [                                                 ] o.s.s.web.DefaultSecurityFilterChain     : Will secure any request with filters: DisableEncodeUrlFilter, WebAsyncManagerIntegrationFilter, SecurityContextHolderFilter, HeaderWriterFilter, LogoutFilter, BearerTokenAuthenticationFilter, AuthenticationFilter, RequestCacheAwareFilter, SecurityContextHolderAwareRequestFilter, AnonymousAuthenticationFilter, SessionManagementFilter, ExceptionTranslationFilter, AuthorizationFilter
2026-03-03T20:53:37.602+01:00  INFO 24171 --- [auth-service] [           main] [                                                 ] DiscoveryClientOptionalArgsConfiguration : Eureka HTTP Client uses RestTemplate.
2026-03-03T20:53:37.655+01:00  WARN 24171 --- [auth-service] [           main] [                                                 ] iguration$LoadBalancerCaffeineWarnLogger : Spring Cloud LoadBalancer is currently working with the default cache. While this cache implementation is useful for development and tests, it's recommended to use Caffeine cache in production.You can switch to using Caffeine cache, by adding it and org.springframework.cache.caffeine.CaffeineCacheManager to the classpath.
2026-03-03T20:53:37.782+01:00  INFO 24171 --- [auth-service] [           main] [                                                 ] o.s.c.n.eureka.InstanceInfoFactory       : Setting initial instance status as: STARTING
2026-03-03T20:53:37.815+01:00  INFO 24171 --- [auth-service] [           main] [                                                 ] com.netflix.discovery.DiscoveryClient    : Initializing Eureka in region us-east-1
2026-03-03T20:53:37.820+01:00  INFO 24171 --- [auth-service] [           main] [                                                 ] c.n.d.s.r.aws.ConfigClusterResolver      : Resolving eureka endpoints via configuration
2026-03-03T20:53:37.831+01:00  INFO 24171 --- [auth-service] [           main] [                                                 ] com.netflix.discovery.DiscoveryClient    : Disable delta property : false
2026-03-03T20:53:37.831+01:00  INFO 24171 --- [auth-service] [           main] [                                                 ] com.netflix.discovery.DiscoveryClient    : Single vip registry refresh property : null
2026-03-03T20:53:37.831+01:00  INFO 24171 --- [auth-service] [           main] [                                                 ] com.netflix.discovery.DiscoveryClient    : Force full registry fetch : false
2026-03-03T20:53:37.831+01:00  INFO 24171 --- [auth-service] [           main] [                                                 ] com.netflix.discovery.DiscoveryClient    : Application is null : false
2026-03-03T20:53:37.831+01:00  INFO 24171 --- [auth-service] [           main] [                                                 ] com.netflix.discovery.DiscoveryClient    : Registered Applications size is zero : true
2026-03-03T20:53:37.831+01:00  INFO 24171 --- [auth-service] [           main] [                                                 ] com.netflix.discovery.DiscoveryClient    : Application version is -1: true
2026-03-03T20:53:37.831+01:00  INFO 24171 --- [auth-service] [           main] [                                                 ] com.netflix.discovery.DiscoveryClient    : Getting all instance registry info from the eureka server
2026-03-03T20:53:38.389+01:00  INFO 24171 --- [auth-service] [           main] [                                                 ] com.netflix.discovery.DiscoveryClient    : The response status is 200
2026-03-03T20:53:38.391+01:00  INFO 24171 --- [auth-service] [           main] [                                                 ] com.netflix.discovery.DiscoveryClient    : Starting heartbeat executor: renew interval is: 30
2026-03-03T20:53:38.394+01:00  INFO 24171 --- [auth-service] [           main] [                                                 ] c.n.discovery.InstanceInfoReplicator     : InstanceInfoReplicator onDemand update allowed rate per min is 4
2026-03-03T20:53:38.397+01:00  INFO 24171 --- [auth-service] [           main] [                                                 ] com.netflix.discovery.DiscoveryClient    : Discovery Client initialized at timestamp 1772567618396 with initial instances count: 2
2026-03-03T20:53:38.404+01:00  INFO 24171 --- [auth-service] [           main] [                                                 ] o.s.c.n.e.s.EurekaServiceRegistry        : Registering application AUTH-SERVICE with eureka with status UP
2026-03-03T20:53:38.405+01:00  INFO 24171 --- [auth-service] [           main] [                                                 ] com.netflix.discovery.DiscoveryClient    : Saw local status change event StatusChangeEvent [timestamp=1772567618405, current=UP, previous=STARTING]
2026-03-03T20:53:38.408+01:00  INFO 24171 --- [auth-service] [foReplicator-%d] [                                                 ] com.netflix.discovery.DiscoveryClient    : DiscoveryClient_AUTH-SERVICE/auth-service:9227cfb81181a64f6e4a44965946c658: registering service...
2026-03-03T20:53:38.415+01:00  INFO 24171 --- [auth-service] [           main] [                                                 ] o.s.c.n.e.s.EurekaServiceRegistry        : Unregistering application AUTH-SERVICE with eureka with status DOWN
2026-03-03T20:53:38.415+01:00  INFO 24171 --- [auth-service] [           main] [                                                 ] com.netflix.discovery.DiscoveryClient    : Saw local status change event StatusChangeEvent [timestamp=1772567618415, current=DOWN, previous=UP]
2026-03-03T20:53:38.416+01:00  WARN 24171 --- [auth-service] [           main] [                                                 ] ConfigServletWebServerApplicationContext : Exception encountered during context initialization - cancelling refresh attempt: org.springframework.context.ApplicationContextException: Failed to start bean 'webServerStartStop'
2026-03-03T20:53:38.436+01:00  INFO 24171 --- [auth-service] [           main] [                                                 ] j.LocalContainerEntityManagerFactoryBean : Closing JPA EntityManagerFactory for persistence unit 'default'
2026-03-03T20:53:38.440+01:00  INFO 24171 --- [auth-service] [           main] [                                                 ] com.zaxxer.hikari.HikariDataSource       : HikariPool-1 - Shutdown initiated...
2026-03-03T20:53:38.448+01:00  INFO 24171 --- [auth-service] [           main] [                                                 ] com.zaxxer.hikari.HikariDataSource       : HikariPool-1 - Shutdown completed.
2026-03-03T20:53:38.481+01:00  INFO 24171 --- [auth-service] [foReplicator-%d] [                                                 ] com.netflix.discovery.DiscoveryClient    : DiscoveryClient_AUTH-SERVICE/auth-service:9227cfb81181a64f6e4a44965946c658 - registration status: 204
2026-03-03T20:53:38.481+01:00  INFO 24171 --- [auth-service] [foReplicator-%d] [                                                 ] com.netflix.discovery.DiscoveryClient    : DiscoveryClient_AUTH-SERVICE/auth-service:9227cfb81181a64f6e4a44965946c658: registering service...
2026-03-03T20:53:38.491+01:00  INFO 24171 --- [auth-service] [foReplicator-%d] [                                                 ] com.netflix.discovery.DiscoveryClient    : DiscoveryClient_AUTH-SERVICE/auth-service:9227cfb81181a64f6e4a44965946c658 - registration status: 204
2026-03-03T20:53:39.451+01:00  INFO 24171 --- [auth-service] [           main] [                                                 ] com.netflix.discovery.DiscoveryClient    : Shutting down DiscoveryClient ...
2026-03-03T20:53:42.452+01:00  INFO 24171 --- [auth-service] [           main] [                                                 ] com.netflix.discovery.DiscoveryClient    : Unregistering ...
2026-03-03T20:53:42.477+01:00  INFO 24171 --- [auth-service] [           main] [                                                 ] com.netflix.discovery.DiscoveryClient    : DiscoveryClient_AUTH-SERVICE/auth-service:9227cfb81181a64f6e4a44965946c658 - deregister  status: 200
2026-03-03T20:53:42.478+01:00  INFO 24171 --- [auth-service] [           main] [                                                 ] com.netflix.discovery.DiscoveryClient    : Completed shut down of DiscoveryClient
2026-03-03T20:53:42.536+01:00  INFO 24171 --- [auth-service] [           main] [                                                 ] .s.b.a.l.ConditionEvaluationReportLogger : 

Error starting ApplicationContext. To display the condition evaluation report re-run your application with 'debug' enabled.
2026-03-03T20:53:42.562+01:00 ERROR 24171 --- [auth-service] [           main] [                                                 ] o.s.b.d.LoggingFailureAnalysisReporter   : 

***************************
APPLICATION FAILED TO START
***************************

Description:

Web server failed to start. Port 8081 was already in use.

Action:

Identify and stop the process that's listening on port 8081 or configure this application to listen on another port.

[[1;34mINFO[m] [1m------------------------------------------------------------------------[m
[[1;34mINFO[m] [1;31mBUILD FAILURE[m
[[1;34mINFO[m] [1m------------------------------------------------------------------------[m
[[1;34mINFO[m] Total time:  17.124 s
[[1;34mINFO[m] Finished at: 2026-03-03T20:53:42+01:00
[[1;34mINFO[m] [1m------------------------------------------------------------------------[m
[[1;31mERROR[m] Failed to execute goal [32morg.springframework.boot:spring-boot-maven-plugin:3.5.3:run[m [1m(default-cli)[m on project [36mauth-service[m: [1;31mProcess terminated with exit code: 1[m -> [1m[Help 1][m
[[1;31mERROR[m] 
[[1;31mERROR[m] To see the full stack trace of the errors, re-run Maven with the [1m-e[m switch.
[[1;31mERROR[m] Re-run Maven using the [1m-X[m switch to enable full debug logging.
[[1;31mERROR[m] 
[[1;31mERROR[m] For more information about the errors and possible solutions, please read the following articles:
[[1;31mERROR[m] [1m[Help 1][m http://cwiki.apache.org/confluence/display/MAVEN/MojoExecutionException
[0m[0m