WARNING: A terminally deprecated method in sun.misc.Unsafe has been called
WARNING: sun.misc.Unsafe::objectFieldOffset has been called by com.google.common.util.concurrent.AbstractFuture$UnsafeAtomicHelper (file:/usr/share/maven/lib/guava.jar)
WARNING: Please consider reporting this to the maintainers of class com.google.common.util.concurrent.AbstractFuture$UnsafeAtomicHelper
WARNING: sun.misc.Unsafe::objectFieldOffset will be removed in a future release
[[1;34mINFO[m] Scanning for projects...
[[1;33mWARNING[m] 
[[1;33mWARNING[m] Some problems were encountered while building the effective model for com.fortune:product-service:jar:1.0-SNAPSHOT
[[1;33mWARNING[m] 'dependencies.dependency.scope' for org.springframework.boot:spring-boot-configuration-processor:jar must be one of [provided, compile, runtime, test, system] but is 'annotationProcessor'. @ line 79, column 20
[[1;33mWARNING[m] 
[[1;33mWARNING[m] It is highly recommended to fix these problems because they threaten the stability of your build.
[[1;33mWARNING[m] 
[[1;33mWARNING[m] For this reason, future Maven versions might no longer support building such malformed projects.
[[1;33mWARNING[m] 
[[1;34mINFO[m] 
[[1;34mINFO[m] [1m--------------------< [0;36mcom.fortune:product-service[0;1m >---------------------[m
[[1;34mINFO[m] [1mBuilding product-service 1.0-SNAPSHOT[m
[[1;34mINFO[m] [1m--------------------------------[ jar ]---------------------------------[m
[[1;34mINFO[m] 
[[1;34mINFO[m] [1m>>> [0;32mspring-boot-maven-plugin:3.5.3:run[m [1m(default-cli)[0;1m > [0;1mtest-compile[m @ [36mproduct-service[0;1m >>>[m
[[1;34mINFO[m] 
[[1;34mINFO[m] [1m--- [0;32mmaven-resources-plugin:2.6:resources[m [1m(default-resources)[m @ [36mproduct-service[0;1m ---[m
[[1;34mINFO[m] Using 'UTF-8' encoding to copy filtered resources.
[[1;34mINFO[m] Copying 3 resources
[[1;34mINFO[m] 
[[1;34mINFO[m] [1m--- [0;32mmaven-compiler-plugin:3.1:compile[m [1m(default-compile)[m @ [36mproduct-service[0;1m ---[m
[[1;34mINFO[m] Changes detected - recompiling the module!
[[1;34mINFO[m] Compiling 21 source files to /home/fortune/Documents/projects/ecommerce/product-service/target/classes
[[1;34mINFO[m] -------------------------------------------------------------
[[1;33mWARNING[m] COMPILATION WARNING : 
[[1;34mINFO[m] -------------------------------------------------------------
[[1;33mWARNING[m] /home/fortune/Documents/projects/ecommerce/product-service/src/main/java/com/fortune/product/service/ProductService.java:[93,17] <T>where(org.springframework.data.jpa.domain.Specification<T>) in org.springframework.data.jpa.domain.Specification has been deprecated and marked for removal
[[1;34mINFO[m] 1 warning
[[1;34mINFO[m] -------------------------------------------------------------
[[1;34mINFO[m] -------------------------------------------------------------
[[1;31mERROR[m] COMPILATION ERROR : 
[[1;34mINFO[m] -------------------------------------------------------------
[[1;31mERROR[m] /home/fortune/Documents/projects/ecommerce/product-service/src/main/java/com/fortune/product/service/ProductService.java:[42,34] cannot find symbol
  symbol:   method builder()
  location: class com.fortune.product.entity.Product
[[1;31mERROR[m] /home/fortune/Documents/projects/ecommerce/product-service/src/main/java/com/fortune/product/service/ProductService.java:[43,30] cannot find symbol
  symbol:   method getName()
  location: variable request of type com.fortune.product.request.ProductRequest
[[1;31mERROR[m] /home/fortune/Documents/projects/ecommerce/product-service/src/main/java/com/fortune/product/service/ProductService.java:[45,31] cannot find symbol
  symbol:   method getPrice()
  location: variable request of type com.fortune.product.request.ProductRequest
[[1;31mERROR[m] /home/fortune/Documents/projects/ecommerce/product-service/src/main/java/com/fortune/product/service/ProductService.java:[46,31] cannot find symbol
  symbol:   method getBrand()
  location: variable request of type com.fortune.product.request.ProductRequest
[[1;31mERROR[m] /home/fortune/Documents/projects/ecommerce/product-service/src/main/java/com/fortune/product/service/ProductService.java:[47,34] cannot find symbol
  symbol:   method getCategory()
  location: variable request of type com.fortune.product.request.ProductRequest
[[1;31mERROR[m] /home/fortune/Documents/projects/ecommerce/product-service/src/main/java/com/fortune/product/service/ProductService.java:[48,30] cannot find symbol
  symbol:   method getTags()
  location: variable request of type com.fortune.product.request.ProductRequest
[[1;31mERROR[m] /home/fortune/Documents/projects/ecommerce/product-service/src/main/java/com/fortune/product/service/ProductService.java:[50,37] cannot find symbol
  symbol:   method getDescription()
  location: variable request of type com.fortune.product.request.ProductRequest
[[1;31mERROR[m] /home/fortune/Documents/projects/ecommerce/product-service/src/main/java/com/fortune/product/service/ProductService.java:[51,32] cannot find symbol
  symbol:   method getImages()
  location: variable request of type com.fortune.product.request.ProductRequest
[[1;31mERROR[m] /home/fortune/Documents/projects/ecommerce/product-service/src/main/java/com/fortune/product/service/ProductService.java:[52,34] cannot find symbol
  symbol:   method getDiscount()
  location: variable request of type com.fortune.product.request.ProductRequest
[[1;31mERROR[m] /home/fortune/Documents/projects/ecommerce/product-service/src/main/java/com/fortune/product/service/ProductService.java:[59,53] cannot find symbol
  symbol:   method getId()
  location: variable product of type com.fortune.product.entity.Product
[[1;31mERROR[m] /home/fortune/Documents/projects/ecommerce/product-service/src/main/java/com/fortune/product/service/ProductService.java:[59,91] cannot find symbol
  symbol:   method getQuantity()
  location: variable request of type com.fortune.product.request.ProductRequest
[[1;31mERROR[m] /home/fortune/Documents/projects/ecommerce/product-service/src/main/java/com/fortune/product/service/ProductService.java:[68,12] cannot find symbol
  symbol:   method setQuantity(long)
  location: variable dto of type com.fortune.product.dto.ProductResponseDto
[[1;31mERROR[m] /home/fortune/Documents/projects/ecommerce/product-service/src/main/java/com/fortune/product/service/ProductService.java:[73,105] cannot find symbol
  symbol:   method getPrice()
  location: class com.fortune.product.entity.Product
[[1;31mERROR[m] /home/fortune/Documents/projects/ecommerce/product-service/src/main/java/com/fortune/product/service/ProductService.java:[110,32] cannot find symbol
  symbol:   method getName()
  location: variable request of type com.fortune.product.request.ProductRequest
[[1;31mERROR[m] /home/fortune/Documents/projects/ecommerce/product-service/src/main/java/com/fortune/product/service/ProductService.java:[111,33] cannot find symbol
  symbol:   method getPrice()
  location: variable request of type com.fortune.product.request.ProductRequest
[[1;31mERROR[m] /home/fortune/Documents/projects/ecommerce/product-service/src/main/java/com/fortune/product/service/ProductService.java:[112,33] cannot find symbol
  symbol:   method getBrand()
  location: variable request of type com.fortune.product.request.ProductRequest
[[1;31mERROR[m] /home/fortune/Documents/projects/ecommerce/product-service/src/main/java/com/fortune/product/service/ProductService.java:[113,36] cannot find symbol
  symbol:   method getDiscount()
  location: variable request of type com.fortune.product.request.ProductRequest
[[1;31mERROR[m] /home/fortune/Documents/projects/ecommerce/product-service/src/main/java/com/fortune/product/service/ProductService.java:[114,35] cannot find symbol
  symbol:   method getCategory()
  location: variable request of type com.fortune.product.request.ProductRequest
[[1;31mERROR[m] /home/fortune/Documents/projects/ecommerce/product-service/src/main/java/com/fortune/product/service/ProductService.java:[115,31] cannot find symbol
  symbol:   method getTags()
  location: variable request of type com.fortune.product.request.ProductRequest
[[1;31mERROR[m] /home/fortune/Documents/projects/ecommerce/product-service/src/main/java/com/fortune/product/service/ProductService.java:[116,38] cannot find symbol
  symbol:   method getDescription()
  location: variable request of type com.fortune.product.request.ProductRequest
[[1;31mERROR[m] /home/fortune/Documents/projects/ecommerce/product-service/src/main/java/com/fortune/product/service/ProductService.java:[117,33] cannot find symbol
  symbol:   method getImages()
  location: variable request of type com.fortune.product.request.ProductRequest
[[1;31mERROR[m] /home/fortune/Documents/projects/ecommerce/product-service/src/main/java/com/fortune/product/controller/GreetingController.java:[19,9] cannot find symbol
  symbol:   variable log
  location: class com.fortune.product.controller.GreetingController
[[1;31mERROR[m] /home/fortune/Documents/projects/ecommerce/product-service/src/main/java/com/fortune/product/service/DataInitializerService.java:[27,24] cannot find symbol
  symbol:   method builder()
  location: class com.fortune.product.entity.Product
[[1;31mERROR[m] /home/fortune/Documents/projects/ecommerce/product-service/src/main/java/com/fortune/product/service/DataInitializerService.java:[47,24] cannot find symbol
  symbol:   method builder()
  location: class com.fortune.product.entity.Product
[[1;31mERROR[m] /home/fortune/Documents/projects/ecommerce/product-service/src/main/java/com/fortune/product/service/DataInitializerService.java:[68,24] cannot find symbol
  symbol:   method builder()
  location: class com.fortune.product.entity.Product
[[1;31mERROR[m] /home/fortune/Documents/projects/ecommerce/product-service/src/main/java/com/fortune/product/service/DataInitializerService.java:[89,24] cannot find symbol
  symbol:   method builder()
  location: class com.fortune.product.entity.Product
[[1;31mERROR[m] /home/fortune/Documents/projects/ecommerce/product-service/src/main/java/com/fortune/product/service/DataInitializerService.java:[110,24] cannot find symbol
  symbol:   method builder()
  location: class com.fortune.product.entity.Product
[[1;31mERROR[m] /home/fortune/Documents/projects/ecommerce/product-service/src/main/java/com/fortune/product/service/DataInitializerService.java:[132,24] cannot find symbol
  symbol:   method builder()
  location: class com.fortune.product.entity.Product
[[1;31mERROR[m] /home/fortune/Documents/projects/ecommerce/product-service/src/main/java/com/fortune/product/service/DataInitializerService.java:[154,24] cannot find symbol
  symbol:   method builder()
  location: class com.fortune.product.entity.Product
[[1;31mERROR[m] /home/fortune/Documents/projects/ecommerce/product-service/src/main/java/com/fortune/product/service/DataInitializerService.java:[176,24] cannot find symbol
  symbol:   method builder()
  location: class com.fortune.product.entity.Product
[[1;31mERROR[m] /home/fortune/Documents/projects/ecommerce/product-service/src/main/java/com/fortune/product/service/DataInitializerService.java:[198,24] cannot find symbol
  symbol:   method builder()
  location: class com.fortune.product.entity.Product
[[1;31mERROR[m] /home/fortune/Documents/projects/ecommerce/product-service/src/main/java/com/fortune/product/service/DataInitializerService.java:[220,24] cannot find symbol
  symbol:   method builder()
  location: class com.fortune.product.entity.Product
[[1;31mERROR[m] /home/fortune/Documents/projects/ecommerce/product-service/src/main/java/com/fortune/product/controller/ProductController.java:[63,65] cannot find symbol
  symbol:   method getName()
  location: class com.fortune.product.dto.ProductResponseDto
[[1;34mINFO[m] 33 errors 
[[1;34mINFO[m] -------------------------------------------------------------
[[1;34mINFO[m] [1m------------------------------------------------------------------------[m
[[1;34mINFO[m] [1;31mBUILD FAILURE[m
[[1;34mINFO[m] [1m------------------------------------------------------------------------[m
[[1;34mINFO[m] Total time:  3.537 s
[[1;34mINFO[m] Finished at: 2026-02-03T11:13:46+01:00
[[1;34mINFO[m] [1m------------------------------------------------------------------------[m
[[1;31mERROR[m] Failed to execute goal [32morg.apache.maven.plugins:maven-compiler-plugin:3.1:compile[m [1m(default-compile)[m on project [36mproduct-service[m: [1;31mCompilation failure[m: Compilation failure: 
[[1;31mERROR[m] /home/fortune/Documents/projects/ecommerce/product-service/src/main/java/com/fortune/product/service/ProductService.java:[42,34] cannot find symbol
[[1;31mERROR[m]   symbol:   method builder()
[[1;31mERROR[m]   location: class com.fortune.product.entity.Product
[[1;31mERROR[m] /home/fortune/Documents/projects/ecommerce/product-service/src/main/java/com/fortune/product/service/ProductService.java:[43,30] cannot find symbol
[[1;31mERROR[m]   symbol:   method getName()
[[1;31mERROR[m]   location: variable request of type com.fortune.product.request.ProductRequest
[[1;31mERROR[m] /home/fortune/Documents/projects/ecommerce/product-service/src/main/java/com/fortune/product/service/ProductService.java:[45,31] cannot find symbol
[[1;31mERROR[m]   symbol:   method getPrice()
[[1;31mERROR[m]   location: variable request of type com.fortune.product.request.ProductRequest
[[1;31mERROR[m] /home/fortune/Documents/projects/ecommerce/product-service/src/main/java/com/fortune/product/service/ProductService.java:[46,31] cannot find symbol
[[1;31mERROR[m]   symbol:   method getBrand()
[[1;31mERROR[m]   location: variable request of type com.fortune.product.request.ProductRequest
[[1;31mERROR[m] /home/fortune/Documents/projects/ecommerce/product-service/src/main/java/com/fortune/product/service/ProductService.java:[47,34] cannot find symbol
[[1;31mERROR[m]   symbol:   method getCategory()
[[1;31mERROR[m]   location: variable request of type com.fortune.product.request.ProductRequest
[[1;31mERROR[m] /home/fortune/Documents/projects/ecommerce/product-service/src/main/java/com/fortune/product/service/ProductService.java:[48,30] cannot find symbol
[[1;31mERROR[m]   symbol:   method getTags()
[[1;31mERROR[m]   location: variable request of type com.fortune.product.request.ProductRequest
[[1;31mERROR[m] /home/fortune/Documents/projects/ecommerce/product-service/src/main/java/com/fortune/product/service/ProductService.java:[50,37] cannot find symbol
[[1;31mERROR[m]   symbol:   method getDescription()
[[1;31mERROR[m]   location: variable request of type com.fortune.product.request.ProductRequest
[[1;31mERROR[m] /home/fortune/Documents/projects/ecommerce/product-service/src/main/java/com/fortune/product/service/ProductService.java:[51,32] cannot find symbol
[[1;31mERROR[m]   symbol:   method getImages()
[[1;31mERROR[m]   location: variable request of type com.fortune.product.request.ProductRequest
[[1;31mERROR[m] /home/fortune/Documents/projects/ecommerce/product-service/src/main/java/com/fortune/product/service/ProductService.java:[52,34] cannot find symbol
[[1;31mERROR[m]   symbol:   method getDiscount()
[[1;31mERROR[m]   location: variable request of type com.fortune.product.request.ProductRequest
[[1;31mERROR[m] /home/fortune/Documents/projects/ecommerce/product-service/src/main/java/com/fortune/product/service/ProductService.java:[59,53] cannot find symbol
[[1;31mERROR[m]   symbol:   method getId()
[[1;31mERROR[m]   location: variable product of type com.fortune.product.entity.Product
[[1;31mERROR[m] /home/fortune/Documents/projects/ecommerce/product-service/src/main/java/com/fortune/product/service/ProductService.java:[59,91] cannot find symbol
[[1;31mERROR[m]   symbol:   method getQuantity()
[[1;31mERROR[m]   location: variable request of type com.fortune.product.request.ProductRequest
[[1;31mERROR[m] /home/fortune/Documents/projects/ecommerce/product-service/src/main/java/com/fortune/product/service/ProductService.java:[68,12] cannot find symbol
[[1;31mERROR[m]   symbol:   method setQuantity(long)
[[1;31mERROR[m]   location: variable dto of type com.fortune.product.dto.ProductResponseDto
[[1;31mERROR[m] /home/fortune/Documents/projects/ecommerce/product-service/src/main/java/com/fortune/product/service/ProductService.java:[73,105] cannot find symbol
[[1;31mERROR[m]   symbol:   method getPrice()
[[1;31mERROR[m]   location: class com.fortune.product.entity.Product
[[1;31mERROR[m] /home/fortune/Documents/projects/ecommerce/product-service/src/main/java/com/fortune/product/service/ProductService.java:[110,32] cannot find symbol
[[1;31mERROR[m]   symbol:   method getName()
[[1;31mERROR[m]   location: variable request of type com.fortune.product.request.ProductRequest
[[1;31mERROR[m] /home/fortune/Documents/projects/ecommerce/product-service/src/main/java/com/fortune/product/service/ProductService.java:[111,33] cannot find symbol
[[1;31mERROR[m]   symbol:   method getPrice()
[[1;31mERROR[m]   location: variable request of type com.fortune.product.request.ProductRequest
[[1;31mERROR[m] /home/fortune/Documents/projects/ecommerce/product-service/src/main/java/com/fortune/product/service/ProductService.java:[112,33] cannot find symbol
[[1;31mERROR[m]   symbol:   method getBrand()
[[1;31mERROR[m]   location: variable request of type com.fortune.product.request.ProductRequest
[[1;31mERROR[m] /home/fortune/Documents/projects/ecommerce/product-service/src/main/java/com/fortune/product/service/ProductService.java:[113,36] cannot find symbol
[[1;31mERROR[m]   symbol:   method getDiscount()
[[1;31mERROR[m]   location: variable request of type com.fortune.product.request.ProductRequest
[[1;31mERROR[m] /home/fortune/Documents/projects/ecommerce/product-service/src/main/java/com/fortune/product/service/ProductService.java:[114,35] cannot find symbol
[[1;31mERROR[m]   symbol:   method getCategory()
[[1;31mERROR[m]   location: variable request of type com.fortune.product.request.ProductRequest
[[1;31mERROR[m] /home/fortune/Documents/projects/ecommerce/product-service/src/main/java/com/fortune/product/service/ProductService.java:[115,31] cannot find symbol
[[1;31mERROR[m]   symbol:   method getTags()
[[1;31mERROR[m]   location: variable request of type com.fortune.product.request.ProductRequest
[[1;31mERROR[m] /home/fortune/Documents/projects/ecommerce/product-service/src/main/java/com/fortune/product/service/ProductService.java:[116,38] cannot find symbol
[[1;31mERROR[m]   symbol:   method getDescription()
[[1;31mERROR[m]   location: variable request of type com.fortune.product.request.ProductRequest
[[1;31mERROR[m] /home/fortune/Documents/projects/ecommerce/product-service/src/main/java/com/fortune/product/service/ProductService.java:[117,33] cannot find symbol
[[1;31mERROR[m]   symbol:   method getImages()
[[1;31mERROR[m]   location: variable request of type com.fortune.product.request.ProductRequest
[[1;31mERROR[m] /home/fortune/Documents/projects/ecommerce/product-service/src/main/java/com/fortune/product/controller/GreetingController.java:[19,9] cannot find symbol
[[1;31mERROR[m]   symbol:   variable log
[[1;31mERROR[m]   location: class com.fortune.product.controller.GreetingController
[[1;31mERROR[m] /home/fortune/Documents/projects/ecommerce/product-service/src/main/java/com/fortune/product/service/DataInitializerService.java:[27,24] cannot find symbol
[[1;31mERROR[m]   symbol:   method builder()
[[1;31mERROR[m]   location: class com.fortune.product.entity.Product
[[1;31mERROR[m] /home/fortune/Documents/projects/ecommerce/product-service/src/main/java/com/fortune/product/service/DataInitializerService.java:[47,24] cannot find symbol
[[1;31mERROR[m]   symbol:   method builder()
[[1;31mERROR[m]   location: class com.fortune.product.entity.Product
[[1;31mERROR[m] /home/fortune/Documents/projects/ecommerce/product-service/src/main/java/com/fortune/product/service/DataInitializerService.java:[68,24] cannot find symbol
[[1;31mERROR[m]   symbol:   method builder()
[[1;31mERROR[m]   location: class com.fortune.product.entity.Product
[[1;31mERROR[m] /home/fortune/Documents/projects/ecommerce/product-service/src/main/java/com/fortune/product/service/DataInitializerService.java:[89,24] cannot find symbol
[[1;31mERROR[m]   symbol:   method builder()
[[1;31mERROR[m]   location: class com.fortune.product.entity.Product
[[1;31mERROR[m] /home/fortune/Documents/projects/ecommerce/product-service/src/main/java/com/fortune/product/service/DataInitializerService.java:[110,24] cannot find symbol
[[1;31mERROR[m]   symbol:   method builder()
[[1;31mERROR[m]   location: class com.fortune.product.entity.Product
[[1;31mERROR[m] /home/fortune/Documents/projects/ecommerce/product-service/src/main/java/com/fortune/product/service/DataInitializerService.java:[132,24] cannot find symbol
[[1;31mERROR[m]   symbol:   method builder()
[[1;31mERROR[m]   location: class com.fortune.product.entity.Product
[[1;31mERROR[m] /home/fortune/Documents/projects/ecommerce/product-service/src/main/java/com/fortune/product/service/DataInitializerService.java:[154,24] cannot find symbol
[[1;31mERROR[m]   symbol:   method builder()
[[1;31mERROR[m]   location: class com.fortune.product.entity.Product
[[1;31mERROR[m] /home/fortune/Documents/projects/ecommerce/product-service/src/main/java/com/fortune/product/service/DataInitializerService.java:[176,24] cannot find symbol
[[1;31mERROR[m]   symbol:   method builder()
[[1;31mERROR[m]   location: class com.fortune.product.entity.Product
[[1;31mERROR[m] /home/fortune/Documents/projects/ecommerce/product-service/src/main/java/com/fortune/product/service/DataInitializerService.java:[198,24] cannot find symbol
[[1;31mERROR[m]   symbol:   method builder()
[[1;31mERROR[m]   location: class com.fortune.product.entity.Product
[[1;31mERROR[m] /home/fortune/Documents/projects/ecommerce/product-service/src/main/java/com/fortune/product/service/DataInitializerService.java:[220,24] cannot find symbol
[[1;31mERROR[m]   symbol:   method builder()
[[1;31mERROR[m]   location: class com.fortune.product.entity.Product
[[1;31mERROR[m] /home/fortune/Documents/projects/ecommerce/product-service/src/main/java/com/fortune/product/controller/ProductController.java:[63,65] cannot find symbol
[[1;31mERROR[m]   symbol:   method getName()
[[1;31mERROR[m]   location: class com.fortune.product.dto.ProductResponseDto
[[1;31mERROR[m] -> [1m[Help 1][m
[[1;31mERROR[m] 
[[1;31mERROR[m] To see the full stack trace of the errors, re-run Maven with the [1m-e[m switch.
[[1;31mERROR[m] Re-run Maven using the [1m-X[m switch to enable full debug logging.
[[1;31mERROR[m] 
[[1;31mERROR[m] For more information about the errors and possible solutions, please read the following articles:
[[1;31mERROR[m] [1m[Help 1][m http://cwiki.apache.org/confluence/display/MAVEN/MojoFailureException
[0m[0m