WARNING: A terminally deprecated method in sun.misc.Unsafe has been called
WARNING: sun.misc.Unsafe::objectFieldOffset has been called by com.google.common.util.concurrent.AbstractFuture$UnsafeAtomicHelper (file:/usr/share/maven/lib/guava.jar)
WARNING: Please consider reporting this to the maintainers of class com.google.common.util.concurrent.AbstractFuture$UnsafeAtomicHelper
WARNING: sun.misc.Unsafe::objectFieldOffset will be removed in a future release
[[1;34mINFO[m] Scanning for projects...
[[1;34mINFO[m] 
[[1;34mINFO[m] [1m-------------------< [0;36mcom.fortune:service-discovery[0;1m >--------------------[m
[[1;34mINFO[m] [1mBuilding service-discovery 1.0-SNAPSHOT[m
[[1;34mINFO[m] [1m--------------------------------[ jar ]---------------------------------[m
[[1;34mINFO[m] 
[[1;34mINFO[m] [1m>>> [0;32mspring-boot-maven-plugin:3.5.3:run[m [1m(default-cli)[0;1m > [0;1mtest-compile[m @ [36mservice-discovery[0;1m >>>[m
[[1;34mINFO[m] 
[[1;34mINFO[m] [1m--- [0;32mmaven-resources-plugin:2.6:resources[m [1m(default-resources)[m @ [36mservice-discovery[0;1m ---[m
[[1;34mINFO[m] Using 'UTF-8' encoding to copy filtered resources.
[[1;34mINFO[m] Copying 2 resources
[[1;34mINFO[m] 
[[1;34mINFO[m] [1m--- [0;32mmaven-compiler-plugin:3.1:compile[m [1m(default-compile)[m @ [36mservice-discovery[0;1m ---[m
[[1;34mINFO[m] Nothing to compile - all classes are up to date
[[1;34mINFO[m] 
[[1;34mINFO[m] [1m--- [0;32mmaven-resources-plugin:2.6:testResources[m [1m(default-testResources)[m @ [36mservice-discovery[0;1m ---[m
[[1;34mINFO[m] Using 'UTF-8' encoding to copy filtered resources.
[[1;34mINFO[m] skip non existing resourceDirectory /home/fortune/Documents/projects/ecommerce/service-discovery/src/test/resources
[[1;34mINFO[m] 
[[1;34mINFO[m] [1m--- [0;32mmaven-compiler-plugin:3.1:testCompile[m [1m(default-testCompile)[m @ [36mservice-discovery[0;1m ---[m
[[1;34mINFO[m] Nothing to compile - all classes are up to date
[[1;34mINFO[m] 
[[1;34mINFO[m] [1m<<< [0;32mspring-boot-maven-plugin:3.5.3:run[m [1m(default-cli)[0;1m < [0;1mtest-compile[m @ [36mservice-discovery[0;1m <<<[m
[[1;34mINFO[m] 
[[1;34mINFO[m] 
[[1;34mINFO[m] [1m--- [0;32mspring-boot-maven-plugin:3.5.3:run[m [1m(default-cli)[m @ [36mservice-discovery[0;1m ---[m
[[1;34mINFO[m] Attaching agents: []
███████╗███████╗██████╗ ██╗   ██╗██╗ ██████╗███████╗
██╔════╝██╔════╝██╔══██╗██║   ██║██║██╔════╝██╔════╝
███████╗█████╗  ██████╔╝██║   ██║██║██║     █████╗
╚════██║██╔══╝  ██╔══██╗╚██╗ ██╔╝██║██║     ██╔══╝
███████║███████╗██║  ██║ ╚████╔╝ ██║╚██████╗███████╗
╚══════╝╚══════╝╚═╝  ╚═╝  ╚═══╝  ╚═╝ ╚═════╝╚══════╝

██████╗ ██╗███████╗ ██████╗ ██████╗ ██╗   ██╗███████╗██████╗ ██╗   ██╗
██╔══██╗██║██╔════╝██╔════╝██╔═══██╗██║   ██║██╔════╝██╔══██╗╚██╗ ██╔╝
██║  ██║██║███████╗██║     ██║   ██║██║   ██║█████╗  ██████╔╝ ╚████╔╝
██║  ██║██║╚════██║██║     ██║   ██║╚██╗ ██╔╝██╔══╝  ██╔══██╗  ╚██╔╝
██████╔╝██║███████║╚██████╗╚██████╔╝ ╚████╔╝ ███████╗██║  ██║   ██║
╚═════╝ ╚═╝╚══════╝ ╚═════╝ ╚═════╝   ╚═══╝  ╚══════╝╚═╝  ╚═╝   ╚═╝

2026-02-03T11:13:17.288+01:00  INFO 26155 --- [service-discovery] [           main] c.f.d.ServiceDiscoveryApplication        : Starting ServiceDiscoveryApplication using Java 25.0.2 with PID 26155 (/home/fortune/Documents/projects/ecommerce/service-discovery/target/classes started by fortune in /home/fortune/Documents/projects/ecommerce/service-discovery)
2026-02-03T11:13:17.291+01:00  INFO 26155 --- [service-discovery] [           main] c.f.d.ServiceDiscoveryApplication        : No active profile set, falling back to 1 default profile: "default"
2026-02-03T11:13:18.662+01:00  INFO 26155 --- [service-discovery] [           main] o.s.cloud.context.scope.GenericScope     : BeanFactory id=fa453ca5-874d-39ca-9c5f-b5cebcc3d761
2026-02-03T11:13:19.022+01:00  INFO 26155 --- [service-discovery] [           main] o.s.b.w.embedded.tomcat.TomcatWebServer  : Tomcat initialized with port 8761 (http)
2026-02-03T11:13:19.040+01:00  INFO 26155 --- [service-discovery] [           main] o.apache.catalina.core.StandardService   : Starting service [Tomcat]
2026-02-03T11:13:19.041+01:00  INFO 26155 --- [service-discovery] [           main] o.apache.catalina.core.StandardEngine    : Starting Servlet engine: [Apache Tomcat/10.1.42]
2026-02-03T11:13:19.116+01:00  INFO 26155 --- [service-discovery] [           main] o.a.c.c.C.[Tomcat].[localhost].[/]       : Initializing Spring embedded WebApplicationContext
2026-02-03T11:13:19.117+01:00  INFO 26155 --- [service-discovery] [           main] w.s.c.ServletWebServerApplicationContext : Root WebApplicationContext: initialization completed in 1757 ms
2026-02-03T11:13:20.073+01:00  INFO 26155 --- [service-discovery] [           main] c.n.d.provider.DiscoveryJerseyProvider   : Using JSON encoding codec LegacyJacksonJson
2026-02-03T11:13:20.074+01:00  INFO 26155 --- [service-discovery] [           main] c.n.d.provider.DiscoveryJerseyProvider   : Using JSON decoding codec LegacyJacksonJson
WARNING: A terminally deprecated method in sun.misc.Unsafe has been called
WARNING: sun.misc.Unsafe::objectFieldOffset has been called by com.thoughtworks.xstream.converters.reflection.SunUnsafeReflectionProvider (file:/home/fortune/.m2/repository/com/thoughtworks/xstream/xstream/1.4.20/xstream-1.4.20.jar)
WARNING: Please consider reporting this to the maintainers of class com.thoughtworks.xstream.converters.reflection.SunUnsafeReflectionProvider
WARNING: sun.misc.Unsafe::objectFieldOffset will be removed in a future release
2026-02-03T11:13:20.269+01:00  INFO 26155 --- [service-discovery] [           main] c.n.d.provider.DiscoveryJerseyProvider   : Using XML encoding codec XStreamXml
2026-02-03T11:13:20.269+01:00  INFO 26155 --- [service-discovery] [           main] c.n.d.provider.DiscoveryJerseyProvider   : Using XML decoding codec XStreamXml
2026-02-03T11:13:21.021+01:00  WARN 26155 --- [service-discovery] [           main] iguration$LoadBalancerCaffeineWarnLogger : Spring Cloud LoadBalancer is currently working with the default cache. While this cache implementation is useful for development and tests, it's recommended to use Caffeine cache in production.You can switch to using Caffeine cache, by adding it and org.springframework.cache.caffeine.CaffeineCacheManager to the classpath.
2026-02-03T11:13:21.035+01:00  INFO 26155 --- [service-discovery] [           main] o.s.c.n.eureka.InstanceInfoFactory       : Setting initial instance status as: STARTING
2026-02-03T11:13:21.051+01:00  INFO 26155 --- [service-discovery] [           main] com.netflix.discovery.DiscoveryClient    : Initializing Eureka in region us-east-1
2026-02-03T11:13:21.051+01:00  INFO 26155 --- [service-discovery] [           main] com.netflix.discovery.DiscoveryClient    : Client configured to neither register nor query for data.
2026-02-03T11:13:21.053+01:00  INFO 26155 --- [service-discovery] [           main] com.netflix.discovery.DiscoveryClient    : Discovery Client initialized at timestamp 1770113601052 with initial instances count: 0
2026-02-03T11:13:21.088+01:00  INFO 26155 --- [service-discovery] [           main] c.n.eureka.DefaultEurekaServerContext    : Initializing ...
2026-02-03T11:13:21.090+01:00  INFO 26155 --- [service-discovery] [           main] c.n.eureka.cluster.PeerEurekaNodes       : Adding new peer nodes [http://localhost:8761/eureka/]
2026-02-03T11:13:21.209+01:00  INFO 26155 --- [service-discovery] [           main] c.n.d.provider.DiscoveryJerseyProvider   : Using JSON encoding codec LegacyJacksonJson
2026-02-03T11:13:21.210+01:00  INFO 26155 --- [service-discovery] [           main] c.n.d.provider.DiscoveryJerseyProvider   : Using JSON decoding codec LegacyJacksonJson
2026-02-03T11:13:21.210+01:00  INFO 26155 --- [service-discovery] [           main] c.n.d.provider.DiscoveryJerseyProvider   : Using XML encoding codec XStreamXml
2026-02-03T11:13:21.210+01:00  INFO 26155 --- [service-discovery] [           main] c.n.d.provider.DiscoveryJerseyProvider   : Using XML decoding codec XStreamXml
2026-02-03T11:13:21.233+01:00  INFO 26155 --- [service-discovery] [           main] c.n.eureka.cluster.PeerEurekaNodes       : Replica node URL:  http://localhost:8761/eureka/
2026-02-03T11:13:21.241+01:00  INFO 26155 --- [service-discovery] [           main] c.n.e.registry.AbstractInstanceRegistry  : Finished initializing remote region registries. All known remote regions: []
2026-02-03T11:13:21.241+01:00  INFO 26155 --- [service-discovery] [           main] c.n.eureka.DefaultEurekaServerContext    : Initialized
2026-02-03T11:13:21.250+01:00  INFO 26155 --- [service-discovery] [           main] o.s.b.a.e.web.EndpointLinksResolver      : Exposing 1 endpoint beneath base path '/actuator'
2026-02-03T11:13:21.291+01:00  INFO 26155 --- [service-discovery] [           main] o.s.c.n.e.s.EurekaServiceRegistry        : Registering application SERVICE-DISCOVERY with eureka with status UP
2026-02-03T11:13:21.301+01:00  INFO 26155 --- [service-discovery] [       Thread-9] o.s.c.n.e.server.EurekaServerBootstrap   : isAws returned false
2026-02-03T11:13:21.301+01:00  INFO 26155 --- [service-discovery] [       Thread-9] o.s.c.n.e.server.EurekaServerBootstrap   : Initialized server context
2026-02-03T11:13:21.301+01:00  INFO 26155 --- [service-discovery] [       Thread-9] c.n.e.r.PeerAwareInstanceRegistryImpl    : Got 1 instances from neighboring DS node
2026-02-03T11:13:21.301+01:00  INFO 26155 --- [service-discovery] [       Thread-9] c.n.e.r.PeerAwareInstanceRegistryImpl    : Renew threshold is: 1
2026-02-03T11:13:21.301+01:00  INFO 26155 --- [service-discovery] [       Thread-9] c.n.e.r.PeerAwareInstanceRegistryImpl    : Changing status to UP
2026-02-03T11:13:21.303+01:00  INFO 26155 --- [service-discovery] [       Thread-9] e.s.EurekaServerInitializerConfiguration : Started Eureka Server
2026-02-03T11:13:21.308+01:00  INFO 26155 --- [service-discovery] [           main] o.s.b.w.embedded.tomcat.TomcatWebServer  : Tomcat started on port 8761 (http) with context path '/'
2026-02-03T11:13:21.309+01:00  INFO 26155 --- [service-discovery] [           main] .s.c.n.e.s.EurekaAutoServiceRegistration : Updating port to 8761
2026-02-03T11:13:21.325+01:00  INFO 26155 --- [service-discovery] [           main] c.f.d.ServiceDiscoveryApplication        : Started ServiceDiscoveryApplication in 4.77 seconds (process running for 5.885)
2026-02-03T11:13:27.869+01:00  INFO 26155 --- [service-discovery] [nio-8761-exec-1] o.a.c.c.C.[Tomcat].[localhost].[/]       : Initializing Spring DispatcherServlet 'dispatcherServlet'
2026-02-03T11:13:27.870+01:00  INFO 26155 --- [service-discovery] [nio-8761-exec-1] o.s.web.servlet.DispatcherServlet        : Initializing Servlet 'dispatcherServlet'
2026-02-03T11:13:27.871+01:00  INFO 26155 --- [service-discovery] [nio-8761-exec-1] o.s.web.servlet.DispatcherServlet        : Completed initialization in 1 ms
2026-02-03T11:13:28.131+01:00  INFO 26155 --- [service-discovery] [nio-8761-exec-2] c.n.e.registry.AbstractInstanceRegistry  : Registered instance ADMIN-SERVER/IKECHUKWU:admin-server:9090 with status UP (replication=false)
2026-02-03T11:13:28.831+01:00  INFO 26155 --- [service-discovery] [nio-8761-exec-3] c.n.e.registry.AbstractInstanceRegistry  : Registered instance ADMIN-SERVER/IKECHUKWU:admin-server:9090 with status UP (replication=true)
2026-02-03T11:13:33.464+01:00  INFO 26155 --- [service-discovery] [nio-8761-exec-6] c.n.e.registry.AbstractInstanceRegistry  : Registered instance API-GATEWAY-SERVICE/IKECHUKWU:api-gateway-service:8081 with status UP (replication=false)
2026-02-03T11:13:33.983+01:00  INFO 26155 --- [service-discovery] [nio-8761-exec-4] c.n.e.registry.AbstractInstanceRegistry  : Registered instance API-GATEWAY-SERVICE/IKECHUKWU:api-gateway-service:8081 with status UP (replication=true)
2026-02-03T11:13:42.091+01:00  INFO 26155 --- [service-discovery] [nio-8761-exec-8] c.n.e.registry.AbstractInstanceRegistry  : Registered instance AUTH-SERVICE/auth-service:4d0377d6c3a98fa2b5f0650d39ddb0ca with status UP (replication=false)
2026-02-03T11:13:42.602+01:00  INFO 26155 --- [service-discovery] [nio-8761-exec-9] c.n.e.registry.AbstractInstanceRegistry  : Registered instance AUTH-SERVICE/auth-service:4d0377d6c3a98fa2b5f0650d39ddb0ca with status UP (replication=true)
2026-02-03T11:13:46.778+01:00  WARN 26155 --- [service-discovery] [io-8761-exec-10] c.n.e.registry.AbstractInstanceRegistry  : DS: Registry: cancel failed because Lease is not registered for: ADMIN-SERVER/10.15.160.176:admin-server:9090
2026-02-03T11:13:46.779+01:00  INFO 26155 --- [service-discovery] [io-8761-exec-10] c.n.eureka.resources.InstanceResource    : Not Found (Cancel): ADMIN-SERVER - 10.15.160.176:admin-server:9090
2026-02-03T11:13:47.295+01:00  INFO 26155 --- [service-discovery] [nio-8761-exec-3] c.n.e.registry.AbstractInstanceRegistry  : Registered instance CUSTOMER-SERVICE/customer-service:9fb96cc00dc415027c5f600286f658be with status UP (replication=false)
2026-02-03T11:13:47.814+01:00  INFO 26155 --- [service-discovery] [nio-8761-exec-5] c.n.e.registry.AbstractInstanceRegistry  : Registered instance CUSTOMER-SERVICE/customer-service:9fb96cc00dc415027c5f600286f658be with status UP (replication=true)
2026-02-03T11:13:57.952+01:00  INFO 26155 --- [service-discovery] [nio-8761-exec-4] c.n.e.registry.AbstractInstanceRegistry  : Registered instance INVENTORY-SERVICE/inventory-service:440ab7a40310bd88cf93d9b5d3bec7dc with status UP (replication=false)
2026-02-03T11:13:58.461+01:00  INFO 26155 --- [service-discovery] [nio-8761-exec-9] c.n.e.registry.AbstractInstanceRegistry  : Registered instance INVENTORY-SERVICE/inventory-service:440ab7a40310bd88cf93d9b5d3bec7dc with status UP (replication=true)
2026-02-03T11:14:04.217+01:00  INFO 26155 --- [service-discovery] [nio-8761-exec-5] c.n.e.registry.AbstractInstanceRegistry  : Registered instance CART-SERVICE/cart-service:9230346be00ca7f2c2c984324d97059f with status UP (replication=false)
2026-02-03T11:14:04.726+01:00  INFO 26155 --- [service-discovery] [nio-8761-exec-6] c.n.e.registry.AbstractInstanceRegistry  : Registered instance CART-SERVICE/cart-service:9230346be00ca7f2c2c984324d97059f with status UP (replication=true)
2026-02-03T11:14:19.211+01:00  INFO 26155 --- [service-discovery] [nio-8761-exec-3] c.n.e.registry.AbstractInstanceRegistry  : Registered instance PAYMENT-SERVICE/payment-service:ceb5d2e91131b268f3c07cf9b36d3794 with status UP (replication=false)
2026-02-03T11:14:19.724+01:00  INFO 26155 --- [service-discovery] [nio-8761-exec-5] c.n.e.registry.AbstractInstanceRegistry  : Registered instance PAYMENT-SERVICE/payment-service:ceb5d2e91131b268f3c07cf9b36d3794 with status UP (replication=true)
2026-02-03T11:14:21.302+01:00  INFO 26155 --- [service-discovery] [a-EvictionTimer] c.n.e.registry.AbstractInstanceRegistry  : Running the evict task with compensationTime 0ms
2026-02-03T11:15:21.302+01:00  INFO 26155 --- [service-discovery] [a-EvictionTimer] c.n.e.registry.AbstractInstanceRegistry  : Running the evict task with compensationTime 0ms
2026-02-03T11:16:21.302+01:00  INFO 26155 --- [service-discovery] [a-EvictionTimer] c.n.e.registry.AbstractInstanceRegistry  : Running the evict task with compensationTime 0ms
2026-02-03T11:17:21.302+01:00  INFO 26155 --- [service-discovery] [a-EvictionTimer] c.n.e.registry.AbstractInstanceRegistry  : Running the evict task with compensationTime 0ms
2026-02-03T11:18:21.303+01:00  INFO 26155 --- [service-discovery] [a-EvictionTimer] c.n.e.registry.AbstractInstanceRegistry  : Running the evict task with compensationTime 0ms
2026-02-03T11:19:14.834+01:00  INFO 26155 --- [service-discovery] [io-8761-exec-10] c.n.e.registry.AbstractInstanceRegistry  : Registered instance PAYMENT-SERVICE/payment-service:8c21c97a71be4bd25f38b88cbdc20470 with status UP (replication=false)
2026-02-03T11:19:15.354+01:00  INFO 26155 --- [service-discovery] [nio-8761-exec-1] c.n.e.registry.AbstractInstanceRegistry  : Registered instance PAYMENT-SERVICE/payment-service:8c21c97a71be4bd25f38b88cbdc20470 with status UP (replication=true)
2026-02-03T11:19:21.303+01:00  INFO 26155 --- [service-discovery] [a-EvictionTimer] c.n.e.registry.AbstractInstanceRegistry  : Running the evict task with compensationTime 0ms
2026-02-03T11:20:21.303+01:00  INFO 26155 --- [service-discovery] [a-EvictionTimer] c.n.e.registry.AbstractInstanceRegistry  : Running the evict task with compensationTime 0ms
2026-02-03T11:21:21.304+01:00  INFO 26155 --- [service-discovery] [a-EvictionTimer] c.n.e.registry.AbstractInstanceRegistry  : Running the evict task with compensationTime 0ms
2026-02-03T11:22:21.303+01:00  INFO 26155 --- [service-discovery] [a-EvictionTimer] c.n.e.registry.AbstractInstanceRegistry  : Running the evict task with compensationTime 0ms
2026-02-03T11:23:20.245+01:00  INFO 26155 --- [service-discovery] [nio-8761-exec-2] c.n.e.registry.AbstractInstanceRegistry  : Registered instance ORDER-SERVICE/order-service:b2f51f8aef0711b0970fa57c584d1527 with status UP (replication=false)
2026-02-03T11:23:20.755+01:00  INFO 26155 --- [service-discovery] [nio-8761-exec-5] c.n.e.registry.AbstractInstanceRegistry  : Registered instance ORDER-SERVICE/order-service:b2f51f8aef0711b0970fa57c584d1527 with status UP (replication=true)
2026-02-03T11:23:21.303+01:00  INFO 26155 --- [service-discovery] [a-EvictionTimer] c.n.e.registry.AbstractInstanceRegistry  : Running the evict task with compensationTime 0ms
2026-02-03T11:24:21.303+01:00  INFO 26155 --- [service-discovery] [a-EvictionTimer] c.n.e.registry.AbstractInstanceRegistry  : Running the evict task with compensationTime 0ms
2026-02-03T11:24:42.184+01:00  INFO 26155 --- [service-discovery] [nio-8761-exec-9] c.n.e.registry.AbstractInstanceRegistry  : Registered instance PRODUCT-SERVICE/product-service:aa9a7da8755c801ec92dda1871f28c5c with status UP (replication=false)
2026-02-03T11:24:42.688+01:00  INFO 26155 --- [service-discovery] [nio-8761-exec-3] c.n.e.registry.AbstractInstanceRegistry  : Registered instance PRODUCT-SERVICE/product-service:aa9a7da8755c801ec92dda1871f28c5c with status UP (replication=true)
2026-02-03T11:25:21.303+01:00  INFO 26155 --- [service-discovery] [a-EvictionTimer] c.n.e.registry.AbstractInstanceRegistry  : Running the evict task with compensationTime 0ms
2026-02-03T11:26:21.303+01:00  INFO 26155 --- [service-discovery] [a-EvictionTimer] c.n.e.registry.AbstractInstanceRegistry  : Running the evict task with compensationTime 0ms
2026-02-03T11:27:21.304+01:00  INFO 26155 --- [service-discovery] [a-EvictionTimer] c.n.e.registry.AbstractInstanceRegistry  : Running the evict task with compensationTime 0ms
2026-02-03T11:28:21.241+01:00  INFO 26155 --- [service-discovery] [hresholdUpdater] c.n.e.r.PeerAwareInstanceRegistryImpl    : Current renewal threshold is : 18
2026-02-03T11:28:21.304+01:00  INFO 26155 --- [service-discovery] [a-EvictionTimer] c.n.e.registry.AbstractInstanceRegistry  : Running the evict task with compensationTime 0ms
2026-02-03T11:29:21.304+01:00  INFO 26155 --- [service-discovery] [a-EvictionTimer] c.n.e.registry.AbstractInstanceRegistry  : Running the evict task with compensationTime 0ms
2026-02-03T11:30:21.304+01:00  INFO 26155 --- [service-discovery] [a-EvictionTimer] c.n.e.registry.AbstractInstanceRegistry  : Running the evict task with compensationTime 0ms
2026-02-03T11:31:21.304+01:00  INFO 26155 --- [service-discovery] [a-EvictionTimer] c.n.e.registry.AbstractInstanceRegistry  : Running the evict task with compensationTime 0ms
2026-02-03T11:32:21.305+01:00  INFO 26155 --- [service-discovery] [a-EvictionTimer] c.n.e.registry.AbstractInstanceRegistry  : Running the evict task with compensationTime 0ms
2026-02-03T11:33:21.305+01:00  INFO 26155 --- [service-discovery] [a-EvictionTimer] c.n.e.registry.AbstractInstanceRegistry  : Running the evict task with compensationTime 0ms
2026-02-03T11:33:55.048+01:00  INFO 26155 --- [service-discovery] [nio-8761-exec-5] c.n.e.registry.AbstractInstanceRegistry  : Registered instance ORDER-SERVICE/order-service:b2f51f8aef0711b0970fa57c584d1527 with status DOWN (replication=false)
2026-02-03T11:33:55.559+01:00  INFO 26155 --- [service-discovery] [nio-8761-exec-4] c.n.e.registry.AbstractInstanceRegistry  : Registered instance ORDER-SERVICE/order-service:b2f51f8aef0711b0970fa57c584d1527 with status DOWN (replication=true)
2026-02-03T11:33:58.866+01:00  INFO 26155 --- [service-discovery] [nio-8761-exec-1] c.n.e.registry.AbstractInstanceRegistry  : Cancelled instance ORDER-SERVICE/order-service:b2f51f8aef0711b0970fa57c584d1527 (replication=false)
2026-02-03T11:33:59.371+01:00  WARN 26155 --- [service-discovery] [nio-8761-exec-5] c.n.e.registry.AbstractInstanceRegistry  : DS: Registry: cancel failed because Lease is not registered for: ORDER-SERVICE/order-service:b2f51f8aef0711b0970fa57c584d1527
2026-02-03T11:33:59.372+01:00  INFO 26155 --- [service-discovery] [nio-8761-exec-5] c.n.eureka.resources.InstanceResource    : Not Found (Cancel): ORDER-SERVICE - order-service:b2f51f8aef0711b0970fa57c584d1527
2026-02-03T11:33:59.373+01:00  WARN 26155 --- [service-discovery] [et_localhost-11] c.n.eureka.cluster.ReplicationTask       : The replication of task ORDER-SERVICE/order-service:b2f51f8aef0711b0970fa57c584d1527:Cancel@localhost failed with response code 404
2026-02-03T11:33:59.373+01:00  WARN 26155 --- [service-discovery] [et_localhost-11] c.netflix.eureka.cluster.PeerEurekaNode  : ORDER-SERVICE/order-service:b2f51f8aef0711b0970fa57c584d1527:Cancel@localhost: missing entry.
2026-02-03T11:34:18.558+01:00  INFO 26155 --- [service-discovery] [nio-8761-exec-2] c.n.e.registry.AbstractInstanceRegistry  : Registered instance ORDER-SERVICE/order-service:b4a2adc0621e0c07c75e5f0367136363 with status UP (replication=false)
2026-02-03T11:34:19.067+01:00  INFO 26155 --- [service-discovery] [nio-8761-exec-5] c.n.e.registry.AbstractInstanceRegistry  : Registered instance ORDER-SERVICE/order-service:b4a2adc0621e0c07c75e5f0367136363 with status UP (replication=true)
2026-02-03T11:34:21.305+01:00  INFO 26155 --- [service-discovery] [a-EvictionTimer] c.n.e.registry.AbstractInstanceRegistry  : Running the evict task with compensationTime 0ms
2026-02-03T11:35:21.307+01:00  INFO 26155 --- [service-discovery] [a-EvictionTimer] c.n.e.registry.AbstractInstanceRegistry  : Running the evict task with compensationTime 1ms
2026-02-03T11:36:21.307+01:00  INFO 26155 --- [service-discovery] [a-EvictionTimer] c.n.e.registry.AbstractInstanceRegistry  : Running the evict task with compensationTime 0ms
2026-02-03T11:37:21.308+01:00  INFO 26155 --- [service-discovery] [a-EvictionTimer] c.n.e.registry.AbstractInstanceRegistry  : Running the evict task with compensationTime 0ms
2026-02-03T11:38:21.310+01:00  INFO 26155 --- [service-discovery] [a-EvictionTimer] c.n.e.registry.AbstractInstanceRegistry  : Running the evict task with compensationTime 2ms
2026-02-03T11:39:21.310+01:00  INFO 26155 --- [service-discovery] [a-EvictionTimer] c.n.e.registry.AbstractInstanceRegistry  : Running the evict task with compensationTime 0ms
2026-02-03T11:40:21.310+01:00  INFO 26155 --- [service-discovery] [a-EvictionTimer] c.n.e.registry.AbstractInstanceRegistry  : Running the evict task with compensationTime 0ms
2026-02-03T11:41:21.310+01:00  INFO 26155 --- [service-discovery] [a-EvictionTimer] c.n.e.registry.AbstractInstanceRegistry  : Running the evict task with compensationTime 0ms
2026-02-03T11:42:21.310+01:00  INFO 26155 --- [service-discovery] [a-EvictionTimer] c.n.e.registry.AbstractInstanceRegistry  : Running the evict task with compensationTime 0ms
2026-02-03T11:43:21.241+01:00  INFO 26155 --- [service-discovery] [hresholdUpdater] c.n.e.r.PeerAwareInstanceRegistryImpl    : Current renewal threshold is : 18
2026-02-03T11:43:21.310+01:00  INFO 26155 --- [service-discovery] [a-EvictionTimer] c.n.e.registry.AbstractInstanceRegistry  : Running the evict task with compensationTime 0ms
2026-02-03T11:44:21.310+01:00  INFO 26155 --- [service-discovery] [a-EvictionTimer] c.n.e.registry.AbstractInstanceRegistry  : Running the evict task with compensationTime 0ms
2026-02-03T11:45:21.310+01:00  INFO 26155 --- [service-discovery] [a-EvictionTimer] c.n.e.registry.AbstractInstanceRegistry  : Running the evict task with compensationTime 0ms
2026-02-03T11:46:21.310+01:00  INFO 26155 --- [service-discovery] [a-EvictionTimer] c.n.e.registry.AbstractInstanceRegistry  : Running the evict task with compensationTime 0ms
2026-02-03T11:47:21.310+01:00  INFO 26155 --- [service-discovery] [a-EvictionTimer] c.n.e.registry.AbstractInstanceRegistry  : Running the evict task with compensationTime 0ms
2026-02-03T11:48:21.310+01:00  INFO 26155 --- [service-discovery] [a-EvictionTimer] c.n.e.registry.AbstractInstanceRegistry  : Running the evict task with compensationTime 0ms
2026-02-03T11:49:21.311+01:00  INFO 26155 --- [service-discovery] [a-EvictionTimer] c.n.e.registry.AbstractInstanceRegistry  : Running the evict task with compensationTime 0ms
2026-02-03T11:50:21.311+01:00  INFO 26155 --- [service-discovery] [a-EvictionTimer] c.n.e.registry.AbstractInstanceRegistry  : Running the evict task with compensationTime 0ms
2026-02-03T11:51:21.311+01:00  INFO 26155 --- [service-discovery] [a-EvictionTimer] c.n.e.registry.AbstractInstanceRegistry  : Running the evict task with compensationTime 0ms
2026-02-03T11:52:21.312+01:00  INFO 26155 --- [service-discovery] [a-EvictionTimer] c.n.e.registry.AbstractInstanceRegistry  : Running the evict task with compensationTime 0ms
2026-02-03T11:52:53.493+01:00  INFO 26155 --- [service-discovery] [nio-8761-exec-5] c.n.e.registry.AbstractInstanceRegistry  : Registered instance ORDER-SERVICE/order-service:b4a2adc0621e0c07c75e5f0367136363 with status DOWN (replication=false)
2026-02-03T11:52:54.003+01:00  INFO 26155 --- [service-discovery] [nio-8761-exec-6] c.n.e.registry.AbstractInstanceRegistry  : Registered instance ORDER-SERVICE/order-service:b4a2adc0621e0c07c75e5f0367136363 with status DOWN (replication=true)
2026-02-03T11:53:15.014+01:00  INFO 26155 --- [service-discovery] [nio-8761-exec-6] c.n.e.registry.AbstractInstanceRegistry  : Registered instance ORDER-SERVICE/order-service:e3f6dc4d4840d2ab00aaa95af8d047fa with status UP (replication=false)
2026-02-03T11:53:15.525+01:00  INFO 26155 --- [service-discovery] [nio-8761-exec-9] c.n.e.registry.AbstractInstanceRegistry  : Registered instance ORDER-SERVICE/order-service:e3f6dc4d4840d2ab00aaa95af8d047fa with status UP (replication=true)
2026-02-03T11:53:21.311+01:00  INFO 26155 --- [service-discovery] [a-EvictionTimer] c.n.e.registry.AbstractInstanceRegistry  : Running the evict task with compensationTime 0ms
2026-02-03T11:54:21.312+01:00  INFO 26155 --- [service-discovery] [a-EvictionTimer] c.n.e.registry.AbstractInstanceRegistry  : Running the evict task with compensationTime 0ms
2026-02-03T11:55:21.313+01:00  INFO 26155 --- [service-discovery] [a-EvictionTimer] c.n.e.registry.AbstractInstanceRegistry  : Running the evict task with compensationTime 0ms
2026-02-03T11:55:21.313+01:00  INFO 26155 --- [service-discovery] [a-EvictionTimer] c.n.e.registry.AbstractInstanceRegistry  : Evicting 1 items (expired=1, evictionLimit=2)
2026-02-03T11:55:21.314+01:00  WARN 26155 --- [service-discovery] [a-EvictionTimer] c.n.e.registry.AbstractInstanceRegistry  : DS: Registry: expired lease for ORDER-SERVICE/order-service:b4a2adc0621e0c07c75e5f0367136363
2026-02-03T11:55:21.314+01:00  INFO 26155 --- [service-discovery] [a-EvictionTimer] c.n.e.registry.AbstractInstanceRegistry  : Cancelled instance ORDER-SERVICE/order-service:b4a2adc0621e0c07c75e5f0367136363 (replication=false)
2026-02-03T11:56:21.314+01:00  INFO 26155 --- [service-discovery] [a-EvictionTimer] c.n.e.registry.AbstractInstanceRegistry  : Running the evict task with compensationTime 1ms
2026-02-03T11:57:21.314+01:00  INFO 26155 --- [service-discovery] [a-EvictionTimer] c.n.e.registry.AbstractInstanceRegistry  : Running the evict task with compensationTime 0ms
2026-02-03T11:58:21.242+01:00  INFO 26155 --- [service-discovery] [hresholdUpdater] c.n.e.r.PeerAwareInstanceRegistryImpl    : Current renewal threshold is : 18
2026-02-03T11:58:21.314+01:00  INFO 26155 --- [service-discovery] [a-EvictionTimer] c.n.e.registry.AbstractInstanceRegistry  : Running the evict task with compensationTime 0ms
2026-02-03T11:59:21.314+01:00  INFO 26155 --- [service-discovery] [a-EvictionTimer] c.n.e.registry.AbstractInstanceRegistry  : Running the evict task with compensationTime 0ms
2026-02-03T12:00:21.314+01:00  INFO 26155 --- [service-discovery] [a-EvictionTimer] c.n.e.registry.AbstractInstanceRegistry  : Running the evict task with compensationTime 0ms
2026-02-03T12:01:21.314+01:00  INFO 26155 --- [service-discovery] [a-EvictionTimer] c.n.e.registry.AbstractInstanceRegistry  : Running the evict task with compensationTime 0ms
2026-02-03T12:02:21.314+01:00  INFO 26155 --- [service-discovery] [a-EvictionTimer] c.n.e.registry.AbstractInstanceRegistry  : Running the evict task with compensationTime 0ms
2026-02-03T12:03:21.314+01:00  INFO 26155 --- [service-discovery] [a-EvictionTimer] c.n.e.registry.AbstractInstanceRegistry  : Running the evict task with compensationTime 0ms
2026-02-03T12:04:21.315+01:00  INFO 26155 --- [service-discovery] [a-EvictionTimer] c.n.e.registry.AbstractInstanceRegistry  : Running the evict task with compensationTime 0ms
2026-02-03T12:05:21.314+01:00  INFO 26155 --- [service-discovery] [a-EvictionTimer] c.n.e.registry.AbstractInstanceRegistry  : Running the evict task with compensationTime 0ms
2026-02-03T12:06:21.314+01:00  INFO 26155 --- [service-discovery] [a-EvictionTimer] c.n.e.registry.AbstractInstanceRegistry  : Running the evict task with compensationTime 0ms
2026-02-03T12:07:21.314+01:00  INFO 26155 --- [service-discovery] [a-EvictionTimer] c.n.e.registry.AbstractInstanceRegistry  : Running the evict task with compensationTime 0ms
2026-02-03T12:08:21.314+01:00  INFO 26155 --- [service-discovery] [a-EvictionTimer] c.n.e.registry.AbstractInstanceRegistry  : Running the evict task with compensationTime 0ms
2026-02-03T12:09:21.314+01:00  INFO 26155 --- [service-discovery] [a-EvictionTimer] c.n.e.registry.AbstractInstanceRegistry  : Running the evict task with compensationTime 0ms
2026-02-03T12:10:21.314+01:00  INFO 26155 --- [service-discovery] [a-EvictionTimer] c.n.e.registry.AbstractInstanceRegistry  : Running the evict task with compensationTime 0ms
2026-02-03T12:11:21.314+01:00  INFO 26155 --- [service-discovery] [a-EvictionTimer] c.n.e.registry.AbstractInstanceRegistry  : Running the evict task with compensationTime 0ms
2026-02-03T12:12:21.314+01:00  INFO 26155 --- [service-discovery] [a-EvictionTimer] c.n.e.registry.AbstractInstanceRegistry  : Running the evict task with compensationTime 0ms
2026-02-03T12:13:21.241+01:00  INFO 26155 --- [service-discovery] [hresholdUpdater] c.n.e.r.PeerAwareInstanceRegistryImpl    : Current renewal threshold is : 18
2026-02-03T12:13:21.314+01:00  INFO 26155 --- [service-discovery] [a-EvictionTimer] c.n.e.registry.AbstractInstanceRegistry  : Running the evict task with compensationTime 0ms
2026-02-03T12:14:21.315+01:00  INFO 26155 --- [service-discovery] [a-EvictionTimer] c.n.e.registry.AbstractInstanceRegistry  : Running the evict task with compensationTime 0ms
2026-02-03T12:15:21.315+01:00  INFO 26155 --- [service-discovery] [a-EvictionTimer] c.n.e.registry.AbstractInstanceRegistry  : Running the evict task with compensationTime 0ms
2026-02-03T12:16:21.315+01:00  INFO 26155 --- [service-discovery] [a-EvictionTimer] c.n.e.registry.AbstractInstanceRegistry  : Running the evict task with compensationTime 0ms
2026-02-03T12:17:21.315+01:00  INFO 26155 --- [service-discovery] [a-EvictionTimer] c.n.e.registry.AbstractInstanceRegistry  : Running the evict task with compensationTime 0ms
2026-02-03T12:18:21.316+01:00  INFO 26155 --- [service-discovery] [a-EvictionTimer] c.n.e.registry.AbstractInstanceRegistry  : Running the evict task with compensationTime 0ms
2026-02-03T12:19:21.316+01:00  INFO 26155 --- [service-discovery] [a-EvictionTimer] c.n.e.registry.AbstractInstanceRegistry  : Running the evict task with compensationTime 0ms
2026-02-03T12:20:21.316+01:00  INFO 26155 --- [service-discovery] [a-EvictionTimer] c.n.e.registry.AbstractInstanceRegistry  : Running the evict task with compensationTime 0ms
2026-02-03T12:21:21.317+01:00  INFO 26155 --- [service-discovery] [a-EvictionTimer] c.n.e.registry.AbstractInstanceRegistry  : Running the evict task with compensationTime 0ms
2026-02-03T12:22:21.316+01:00  INFO 26155 --- [service-discovery] [a-EvictionTimer] c.n.e.registry.AbstractInstanceRegistry  : Running the evict task with compensationTime 0ms
2026-02-03T12:23:21.316+01:00  INFO 26155 --- [service-discovery] [a-EvictionTimer] c.n.e.registry.AbstractInstanceRegistry  : Running the evict task with compensationTime 0ms
2026-02-03T12:24:21.316+01:00  INFO 26155 --- [service-discovery] [a-EvictionTimer] c.n.e.registry.AbstractInstanceRegistry  : Running the evict task with compensationTime 0ms
2026-02-03T12:25:21.316+01:00  INFO 26155 --- [service-discovery] [a-EvictionTimer] c.n.e.registry.AbstractInstanceRegistry  : Running the evict task with compensationTime 0ms
2026-02-03T12:26:21.316+01:00  INFO 26155 --- [service-discovery] [a-EvictionTimer] c.n.e.registry.AbstractInstanceRegistry  : Running the evict task with compensationTime 0ms
2026-02-03T12:27:21.317+01:00  INFO 26155 --- [service-discovery] [a-EvictionTimer] c.n.e.registry.AbstractInstanceRegistry  : Running the evict task with compensationTime 0ms
2026-02-03T12:28:21.241+01:00  INFO 26155 --- [service-discovery] [hresholdUpdater] c.n.e.r.PeerAwareInstanceRegistryImpl    : Current renewal threshold is : 18
2026-02-03T12:28:21.316+01:00  INFO 26155 --- [service-discovery] [a-EvictionTimer] c.n.e.registry.AbstractInstanceRegistry  : Running the evict task with compensationTime 0ms
2026-02-03T12:29:05.608+01:00  INFO 26155 --- [service-discovery] [nio-8761-exec-9] c.n.e.registry.AbstractInstanceRegistry  : Registered instance PAYMENT-SERVICE/payment-service:ceb5d2e91131b268f3c07cf9b36d3794 with status DOWN (replication=false)
2026-02-03T12:29:05.665+01:00  INFO 26155 --- [service-discovery] [ionShutdownHook] o.s.c.n.e.s.EurekaServiceRegistry        : Unregistering application SERVICE-DISCOVERY with eureka with status DOWN
2026-02-03T12:29:05.679+01:00  INFO 26155 --- [service-discovery] [ionShutdownHook] o.s.b.w.e.tomcat.GracefulShutdown        : Commencing graceful shutdown. Waiting for active requests to complete
2026-02-03T12:29:05.687+01:00  INFO 26155 --- [service-discovery] [nio-8761-exec-3] c.n.e.registry.AbstractInstanceRegistry  : Registered instance CART-SERVICE/cart-service:9230346be00ca7f2c2c984324d97059f with status DOWN (replication=false)
[0m[0m2026-02-03T12:29:05.708+01:00  INFO 26155 --- [service-discovery] [tomcat-shutdown] o.s.b.w.e.tomcat.GracefulShutdown        : Graceful shutdown complete
2026-02-03T12:29:05.723+01:00  INFO 26155 --- [service-discovery] [ionShutdownHook] o.s.c.n.e.server.EurekaServerBootstrap   : Shutting down Eureka Server..
2026-02-03T12:29:05.723+01:00  INFO 26155 --- [service-discovery] [ionShutdownHook] c.n.eureka.DefaultEurekaServerContext    : Shutting down ...
2026-02-03T12:29:05.748+01:00  INFO 26155 --- [service-discovery] [ionShutdownHook] c.n.eureka.DefaultEurekaServerContext    : Shut down
2026-02-03T12:29:05.752+01:00  INFO 26155 --- [service-discovery] [ionShutdownHook] o.s.c.n.e.server.EurekaServerBootstrap   : Eureka Service is now shutdown...
2026-02-03T12:29:05.758+01:00  INFO 26155 --- [service-discovery] [ionShutdownHook] c.n.eureka.DefaultEurekaServerContext    : Shutting down ...
2026-02-03T12:29:05.730+01:00 ERROR 26155 --- [service-discovery] [t-Conn-Cleaner2] c.n.d.s.t.j.EurekaJersey3ClientImpl      : Cannot clean connections

java.lang.IllegalStateException: Client instance has been closed.
	at org.glassfish.jersey.internal.guava.Preconditions.checkState(Preconditions.java:169) ~[jersey-common-3.1.10.jar:na]
	at org.glassfish.jersey.client.JerseyClient.checkNotClosed(JerseyClient.java:248) ~[jersey-client-3.1.10.jar:na]
	at org.glassfish.jersey.client.JerseyClient.getConfiguration(JerseyClient.java:363) ~[jersey-client-3.1.10.jar:na]
	at org.glassfish.jersey.client.JerseyClient.getConfiguration(JerseyClient.java:54) ~[jersey-client-3.1.10.jar:na]
	at com.netflix.discovery.shared.transport.jersey3.EurekaJersey3ClientImpl$ConnectionCleanerTask.run(EurekaJersey3ClientImpl.java:338) ~[eureka-client-jersey3-2.0.4.jar:2.0.4]
	at java.base/java.util.concurrent.Executors$RunnableAdapter.call(Executors.java:545) ~[na:na]
	at java.base/java.util.concurrent.FutureTask.run(FutureTask.java:328) ~[na:na]
	at java.base/java.util.concurrent.ScheduledThreadPoolExecutor$ScheduledFutureTask.run(ScheduledThreadPoolExecutor.java:309) ~[na:na]
	at java.base/java.util.concurrent.ThreadPoolExecutor.runWorker(ThreadPoolExecutor.java:1090) ~[na:na]
	at java.base/java.util.concurrent.ThreadPoolExecutor$Worker.run(ThreadPoolExecutor.java:614) ~[na:na]
	at java.base/java.lang.Thread.run(Thread.java:1474) ~[na:na]

2026-02-03T12:29:05.759+01:00  INFO 26155 --- [service-discovery] [ionShutdownHook] c.n.eureka.DefaultEurekaServerContext    : Shut down
2026-02-03T12:29:05.775+01:00  INFO 26155 --- [service-discovery] [ionShutdownHook] com.netflix.discovery.DiscoveryClient    : Shutting down DiscoveryClient ...
2026-02-03T12:29:05.775+01:00  INFO 26155 --- [service-discovery] [ionShutdownHook] com.netflix.discovery.DiscoveryClient    : Completed shut down of DiscoveryClient
